# JRE version: OpenJDK Runtime Environment AdoptOpenJDK (11.0.8+10) (build 11.0.8+10)
# Java VM: OpenJDK 64-Bit Server VM AdoptOpenJDK (11.0.8+10, mixed mode, tiered, compressed oops, g1 gc, windows-amd64)
Heap:
 garbage-first heap   total 157696K, used 71082K [0x0000000081c00000, 0x0000000100000000)
  region size 1024K, 51 young (52224K), 11 survivors (11264K)
 Metaspace       used 80574K, capacity 82522K, committed 82688K, reserved 1120256K
  class space    used 10205K, capacity 10956K, committed 11008K, reserved 1048576K
GC Heap History (20 events):
Event: 0.979 GC heap before
{Heap before GC invocations=1 (full 0):
 garbage-first heap   total 131072K, used 57084K [0x0000000081c00000, 0x0000000100000000)
  region size 1024K, 52 young (53248K), 3 survivors (3072K)
 Metaspace       used 14444K, capacity 14723K, committed 14976K, reserved 1062912K
  class space    used 1447K, capacity 1554K, committed 1664K, reserved 1048576K
}
Event: 0.995 GC heap after
{Heap after GC invocations=2 (full 0):
 garbage-first heap   total 131072K, used 8628K [0x0000000081c00000, 0x0000000100000000)
  region size 1024K, 4 young (4096K), 4 survivors (4096K)
 Metaspace       used 14444K, capacity 14723K, committed 14976K, reserved 1062912K
  class space    used 1447K, capacity 1554K, committed 1664K, reserved 1048576K
}
Event: 1.831 GC heap before
{Heap before GC invocations=2 (full 0):
 garbage-first heap   total 131072K, used 38324K [0x0000000081c00000, 0x0000000100000000)
  region size 1024K, 35 young (35840K), 4 survivors (4096K)
 Metaspace       used 20655K, capacity 21150K, committed 21248K, reserved 1069056K
  class space    used 2299K, capacity 2484K, committed 2560K, reserved 1048576K
}
Event: 1.838 GC heap after
{Heap after GC invocations=3 (full 0):
 garbage-first heap   total 131072K, used 10453K [0x0000000081c00000, 0x0000000100000000)
  region size 1024K, 6 young (6144K), 6 survivors (6144K)
 Metaspace       used 20655K, capacity 21150K, committed 21248K, reserved 1069056K
  class space    used 2299K, capacity 2484K, committed 2560K, reserved 1048576K
}
Event: 2.306 GC heap before
{Heap before GC invocations=4 (full 0):
 garbage-first heap   total 131072K, used 67797K [0x0000000081c00000, 0x0000000100000000)
  region size 1024K, 63 young (64512K), 6 survivors (6144K)
 Metaspace       used 25626K, capacity 26214K, committed 26368K, reserved 1073152K
  class space    used 3004K, capacity 3233K, committed 3328K, reserved 1048576K
}
Event: 2.313 GC heap after
{Heap after GC invocations=5 (full 0):
 garbage-first heap   total 131072K, used 12279K [0x0000000081c00000, 0x0000000100000000)
  region size 1024K, 5 young (5120K), 5 survivors (5120K)
 Metaspace       used 25626K, capacity 26214K, committed 26368K, reserved 1073152K
  class space    used 3004K, capacity 3233K, committed 3328K, reserved 1048576K
}
Event: 2.624 GC heap before
{Heap before GC invocations=5 (full 0):
 garbage-first heap   total 131072K, used 79863K [0x0000000081c00000, 0x0000000100000000)
  region size 1024K, 72 young (73728K), 5 survivors (5120K)
 Metaspace       used 30243K, capacity 30989K, committed 31232K, reserved 1077248K
  class space    used 3547K, capacity 3840K, committed 3840K, reserved 1048576K
}
Event: 2.629 GC heap after
{Heap after GC invocations=6 (full 0):
 garbage-first heap   total 157696K, used 13785K [0x0000000081c00000, 0x0000000100000000)
  region size 1024K, 6 young (6144K), 6 survivors (6144K)
 Metaspace       used 30243K, capacity 30989K, committed 31232K, reserved 1077248K
  class space    used 3547K, capacity 3840K, committed 3840K, reserved 1048576K
}
Event: 3.225 GC heap before
{Heap before GC invocations=6 (full 0):
 garbage-first heap   total 157696K, used 51673K [0x0000000081c00000, 0x0000000100000000)
  region size 1024K, 44 young (45056K), 6 survivors (6144K)
 Metaspace       used 34748K, capacity 35688K, committed 35840K, reserved 1081344K
  class space    used 4144K, capacity 4505K, committed 4608K, reserved 1048576K
}
Event: 3.233 GC heap after
{Heap after GC invocations=7 (full 0):
 garbage-first heap   total 157696K, used 15167K [0x0000000081c00000, 0x0000000100000000)
  region size 1024K, 8 young (8192K), 8 survivors (8192K)
 Metaspace       used 34748K, capacity 35688K, committed 35840K, reserved 1081344K
  class space    used 4144K, capacity 4505K, committed 4608K, reserved 1048576K
}
Event: 4.362 GC heap before
{Heap before GC invocations=8 (full 0):
 garbage-first heap   total 157696K, used 94015K [0x0000000081c00000, 0x0000000100000000)
  region size 1024K, 86 young (88064K), 8 survivors (8192K)
 Metaspace       used 40691K, capacity 41841K, committed 41984K, reserved 1085440K
  class space    used 4869K, capacity 5332K, committed 5376K, reserved 1048576K
}
Event: 4.372 GC heap after
{Heap after GC invocations=9 (full 0):
 garbage-first heap   total 157696K, used 18387K [0x0000000081c00000, 0x0000000100000000)
  region size 1024K, 9 young (9216K), 9 survivors (9216K)
 Metaspace       used 40691K, capacity 41841K, committed 41984K, reserved 1085440K
  class space    used 4869K, capacity 5332K, committed 5376K, reserved 1048576K
}
Event: 5.036 GC heap before
{Heap before GC invocations=9 (full 0):
 garbage-first heap   total 157696K, used 102355K [0x0000000081c00000, 0x0000000100000000)
  region size 1024K, 92 young (94208K), 9 survivors (9216K)
 Metaspace       used 46280K, capacity 47512K, committed 47744K, reserved 1091584K
  class space    used 5713K, capacity 6197K, committed 6272K, reserved 1048576K
}
Event: 5.043 GC heap after
{Heap after GC invocations=10 (full 0):
 garbage-first heap   total 157696K, used 20238K [0x0000000081c00000, 0x0000000100000000)
  region size 1024K, 7 young (7168K), 7 survivors (7168K)
 Metaspace       used 46280K, capacity 47512K, committed 47744K, reserved 1091584K
  class space    used 5713K, capacity 6197K, committed 6272K, reserved 1048576K
}
Event: 128.824 GC heap before
{Heap before GC invocations=10 (full 0):
 garbage-first heap   total 157696K, used 93966K [0x0000000081c00000, 0x0000000100000000)
  region size 1024K, 80 young (81920K), 7 survivors (7168K)
 Metaspace       used 58843K, capacity 60103K, committed 60160K, reserved 1101824K
  class space    used 7288K, capacity 7763K, committed 7808K, reserved 1048576K
}
Event: 128.837 GC heap after
{Heap after GC invocations=11 (full 0):
 garbage-first heap   total 157696K, used 26071K [0x0000000081c00000, 0x0000000100000000)
  region size 1024K, 11 young (11264K), 11 survivors (11264K)
 Metaspace       used 58843K, capacity 60103K, committed 60160K, reserved 1101824K
  class space    used 7288K, capacity 7763K, committed 7808K, reserved 1048576K
}
Event: 130.047 GC heap before
{Heap before GC invocations=12 (full 0):
 garbage-first heap   total 157696K, used 109015K [0x0000000081c00000, 0x0000000100000000)
  region size 1024K, 92 young (94208K), 11 survivors (11264K)
 Metaspace       used 69000K, capacity 70634K, committed 70912K, reserved 1110016K
  class space    used 8728K, capacity 9363K, committed 9472K, reserved 1048576K
}
Event: 130.058 GC heap after
{Heap after GC invocations=13 (full 0):
 garbage-first heap   total 157696K, used 26407K [0x0000000081c00000, 0x0000000100000000)
  region size 1024K, 7 young (7168K), 7 survivors (7168K)
 Metaspace       used 69000K, capacity 70634K, committed 70912K, reserved 1110016K
  class space    used 8728K, capacity 9363K, committed 9472K, reserved 1048576K
}
Event: 131.683 GC heap before
{Heap before GC invocations=13 (full 0):
 garbage-first heap   total 157696K, used 113447K [0x0000000081c00000, 0x0000000100000000)
  region size 1024K, 92 young (94208K), 7 survivors (7168K)
 Metaspace       used 76588K, capacity 78472K, committed 78592K, reserved 1118208K
  class space    used 9757K, capacity 10482K, committed 10496K, reserved 1048576K
}
Event: 131.693 GC heap after
{Heap after GC invocations=14 (full 0):
 garbage-first heap   total 157696K, used 31146K [0x0000000081c00000, 0x0000000100000000)
  region size 1024K, 11 young (11264K), 11 survivors (11264K)
 Metaspace       used 76588K, capacity 78472K, committed 78592K, reserved 1118208K
  class space    used 9757K, capacity 10482K, committed 10496K, reserved 1048576K
}

