# JRE version: OpenJDK Runtime Environment AdoptOpenJDK (11.0.8+10) (build 11.0.8+10)
# Java VM: OpenJDK 64-Bit Server VM AdoptOpenJDK (11.0.8+10, mixed mode, tiered, compressed oops, g1 gc, windows-amd64)
Heap:
 garbage-first heap   total 157696K, used 62082K [0x0000000081c00000, 0x0000000100000000)
  region size 1024K, 38 young (38912K), 10 survivors (10240K)
 Metaspace       used 81937K, capacity 83866K, committed 84096K, reserved 1122304K
  class space    used 10346K, capacity 11086K, committed 11136K, reserved 1048576K
GC Heap History (20 events):
Event: 1.568 GC heap before
{Heap before GC invocations=2 (full 0):
 garbage-first heap   total 131072K, used 35520K [0x0000000081c00000, 0x0000000100000000)
  region size 1024K, 32 young (32768K), 4 survivors (4096K)
 Metaspace       used 20630K, capacity 21124K, committed 21248K, reserved 1069056K
  class space    used 2299K, capacity 2476K, committed 2560K, reserved 1048576K
}
Event: 1.582 GC heap after
{Heap after GC invocations=3 (full 0):
 garbage-first heap   total 131072K, used 10563K [0x0000000081c00000, 0x0000000100000000)
  region size 1024K, 6 young (6144K), 6 survivors (6144K)
 Metaspace       used 20630K, capacity 21124K, committed 21248K, reserved 1069056K
  class space    used 2299K, capacity 2476K, committed 2560K, reserved 1048576K
}
Event: 2.328 GC heap before
{Heap before GC invocations=4 (full 0):
 garbage-first heap   total 131072K, used 68931K [0x0000000081c00000, 0x0000000100000000)
  region size 1024K, 64 young (65536K), 6 survivors (6144K)
 Metaspace       used 26876K, capacity 27457K, committed 27776K, reserved 1073152K
  class space    used 3105K, capacity 3329K, committed 3456K, reserved 1048576K
}
Event: 2.341 GC heap after
{Heap after GC invocations=5 (full 0):
 garbage-first heap   total 131072K, used 12416K [0x0000000081c00000, 0x0000000100000000)
  region size 1024K, 5 young (5120K), 5 survivors (5120K)
 Metaspace       used 26876K, capacity 27457K, committed 27776K, reserved 1073152K
  class space    used 3105K, capacity 3329K, committed 3456K, reserved 1048576K
}
Event: 3.260 GC heap before
{Heap before GC invocations=6 (full 0):
 garbage-first heap   total 131072K, used 83072K [0x0000000081c00000, 0x0000000100000000)
  region size 1024K, 75 young (76800K), 5 survivors (5120K)
 Metaspace       used 30545K, capacity 31334K, committed 31616K, reserved 1077248K
  class space    used 3599K, capacity 3912K, committed 3968K, reserved 1048576K
}
Event: 3.267 GC heap after
{Heap after GC invocations=7 (full 0):
 garbage-first heap   total 157696K, used 13922K [0x0000000081c00000, 0x0000000100000000)
  region size 1024K, 6 young (6144K), 6 survivors (6144K)
 Metaspace       used 30545K, capacity 31334K, committed 31616K, reserved 1077248K
  class space    used 3599K, capacity 3912K, committed 3968K, reserved 1048576K
}
Event: 5.805 GC heap before
{Heap before GC invocations=7 (full 0):
 garbage-first heap   total 157696K, used 100962K [0x0000000081c00000, 0x0000000100000000)
  region size 1024K, 92 young (94208K), 6 survivors (6144K)
 Metaspace       used 40200K, capacity 41312K, committed 41472K, reserved 1085440K
  class space    used 4820K, capacity 5261K, committed 5376K, reserved 1048576K
}
Event: 5.814 GC heap after
{Heap after GC invocations=8 (full 0):
 garbage-first heap   total 157696K, used 18248K [0x0000000081c00000, 0x0000000100000000)
  region size 1024K, 10 young (10240K), 10 survivors (10240K)
 Metaspace       used 40200K, capacity 41312K, committed 41472K, reserved 1085440K
  class space    used 4820K, capacity 5261K, committed 5376K, reserved 1048576K
}
Event: 6.572 GC heap before
{Heap before GC invocations=8 (full 0):
 garbage-first heap   total 157696K, used 101192K [0x0000000081c00000, 0x0000000100000000)
  region size 1024K, 92 young (94208K), 10 survivors (10240K)
 Metaspace       used 42150K, capacity 43370K, committed 43520K, reserved 1087488K
  class space    used 5041K, capacity 5541K, committed 5632K, reserved 1048576K
}
Event: 6.581 GC heap after
{Heap after GC invocations=9 (full 0):
 garbage-first heap   total 157696K, used 19775K [0x0000000081c00000, 0x0000000100000000)
  region size 1024K, 8 young (8192K), 8 survivors (8192K)
 Metaspace       used 42150K, capacity 43370K, committed 43520K, reserved 1087488K
  class space    used 5041K, capacity 5541K, committed 5632K, reserved 1048576K
}
Event: 7.158 GC heap before
{Heap before GC invocations=9 (full 0):
 garbage-first heap   total 157696K, used 37183K [0x0000000081c00000, 0x0000000100000000)
  region size 1024K, 26 young (26624K), 8 survivors (8192K)
 Metaspace       used 44861K, capacity 46033K, committed 46208K, reserved 1089536K
  class space    used 5415K, capacity 5896K, committed 6016K, reserved 1048576K
}
Event: 7.167 GC heap after
{Heap after GC invocations=10 (full 0):
 garbage-first heap   total 157696K, used 20644K [0x0000000081c00000, 0x0000000100000000)
  region size 1024K, 7 young (7168K), 7 survivors (7168K)
 Metaspace       used 44861K, capacity 46033K, committed 46208K, reserved 1089536K
  class space    used 5415K, capacity 5896K, committed 6016K, reserved 1048576K
}
Event: 9.666 GC heap before
{Heap before GC invocations=11 (full 0):
 garbage-first heap   total 157696K, used 105636K [0x0000000081c00000, 0x0000000100000000)
  region size 1024K, 90 young (92160K), 7 survivors (7168K)
 Metaspace       used 58834K, capacity 60142K, committed 60288K, reserved 1101824K
  class space    used 7293K, capacity 7796K, committed 7808K, reserved 1048576K
}
Event: 9.678 GC heap after
{Heap after GC invocations=12 (full 0):
 garbage-first heap   total 157696K, used 26553K [0x0000000081c00000, 0x0000000100000000)
  region size 1024K, 9 young (9216K), 9 survivors (9216K)
 Metaspace       used 58834K, capacity 60142K, committed 60288K, reserved 1101824K
  class space    used 7293K, capacity 7796K, committed 7808K, reserved 1048576K
}
Event: 11.518 GC heap before
{Heap before GC invocations=12 (full 0):
 garbage-first heap   total 157696K, used 110521K [0x0000000081c00000, 0x0000000100000000)
  region size 1024K, 91 young (93184K), 9 survivors (9216K)
 Metaspace       used 69014K, capacity 70616K, committed 70784K, reserved 1110016K
  class space    used 8704K, capacity 9309K, committed 9344K, reserved 1048576K
}
Event: 11.526 GC heap after
{Heap after GC invocations=13 (full 0):
 garbage-first heap   total 157696K, used 26916K [0x0000000081c00000, 0x0000000100000000)
  region size 1024K, 7 young (7168K), 7 survivors (7168K)
 Metaspace       used 69014K, capacity 70616K, committed 70784K, reserved 1110016K
  class space    used 8704K, capacity 9309K, committed 9344K, reserved 1048576K
}
Event: 13.564 GC heap before
{Heap before GC invocations=13 (full 0):
 garbage-first heap   total 157696K, used 104740K [0x0000000081c00000, 0x0000000100000000)
  region size 1024K, 84 young (86016K), 7 survivors (7168K)
 Metaspace       used 75535K, capacity 77407K, committed 77440K, reserved 1116160K
  class space    used 9629K, capacity 10340K, committed 10368K, reserved 1048576K
}
Event: 13.584 GC heap after
{Heap after GC invocations=14 (full 0):
 garbage-first heap   total 157696K, used 31955K [0x0000000081c00000, 0x0000000100000000)
  region size 1024K, 12 young (12288K), 12 survivors (12288K)
 Metaspace       used 75535K, capacity 77407K, committed 77440K, reserved 1116160K
  class space    used 9629K, capacity 10340K, committed 10368K, reserved 1048576K
}
Event: 39.310 GC heap before
{Heap before GC invocations=15 (full 0):
 garbage-first heap   total 157696K, used 113875K [0x0000000081c00000, 0x0000000100000000)
  region size 1024K, 92 young (94208K), 12 survivors (12288K)
 Metaspace       used 80165K, capacity 82070K, committed 82176K, reserved 1120256K
  class space    used 10207K, capacity 10934K, committed 11008K, reserved 1048576K
}
Event: 39.319 GC heap after
{Heap after GC invocations=16 (full 0):
 garbage-first heap   total 157696K, used 35458K [0x0000000081c00000, 0x0000000100000000)
  region size 1024K, 10 young (10240K), 10 survivors (10240K)
 Metaspace       used 80165K, capacity 82070K, committed 82176K, reserved 1120256K
  class space    used 10207K, capacity 10934K, committed 11008K, reserved 1048576K
}

