# JRE version: OpenJDK Runtime Environment AdoptOpenJDK (11.0.8+10) (build 11.0.8+10)
# Java VM: OpenJDK 64-Bit Server VM AdoptOpenJDK (11.0.8+10, mixed mode, tiered, compressed oops, g1 gc, windows-amd64)
Heap:
 garbage-first heap   total 102400K, used 67175K [0x0000000081c00000, 0x0000000100000000)
  region size 1024K, 30 young (30720K), 3 survivors (3072K)
 Metaspace       used 92464K, capacity 94922K, committed 95180K, reserved 1132544K
  class space    used 10993K, capacity 11889K, committed 11980K, reserved 1048576K
GC Heap History (20 events):
Event: 1614.902 GC heap before
{Heap before GC invocations=56 (full 3):
 garbage-first heap   total 102400K, used 83248K [0x0000000081c00000, 0x0000000100000000)
  region size 1024K, 45 young (46080K), 3 survivors (3072K)
 Metaspace       used 91408K, capacity 93852K, committed 94028K, reserved 1132544K
  class space    used 10936K, capacity 11815K, committed 11852K, reserved 1048576K
}
Event: 1614.904 GC heap after
{Heap after GC invocations=57 (full 3):
 garbage-first heap   total 102400K, used 40460K [0x0000000081c00000, 0x0000000100000000)
  region size 1024K, 3 young (3072K), 3 survivors (3072K)
 Metaspace       used 91408K, capacity 93852K, committed 94028K, reserved 1132544K
  class space    used 10936K, capacity 11815K, committed 11852K, reserved 1048576K
}
Event: 1628.902 GC heap before
{Heap before GC invocations=57 (full 3):
 garbage-first heap   total 102400K, used 83468K [0x0000000081c00000, 0x0000000100000000)
  region size 1024K, 45 young (46080K), 3 survivors (3072K)
 Metaspace       used 91429K, capacity 93852K, committed 94028K, reserved 1132544K
  class space    used 10936K, capacity 11815K, committed 11852K, reserved 1048576K
}
Event: 1628.903 GC heap after
{Heap after GC invocations=58 (full 3):
 garbage-first heap   total 102400K, used 39896K [0x0000000081c00000, 0x0000000100000000)
  region size 1024K, 3 young (3072K), 3 survivors (3072K)
 Metaspace       used 91429K, capacity 93852K, committed 94028K, reserved 1132544K
  class space    used 10936K, capacity 11815K, committed 11852K, reserved 1048576K
}
Event: 1645.028 GC heap before
{Heap before GC invocations=58 (full 3):
 garbage-first heap   total 102400K, used 81880K [0x0000000081c00000, 0x0000000100000000)
  region size 1024K, 45 young (46080K), 3 survivors (3072K)
 Metaspace       used 91436K, capacity 93852K, committed 94028K, reserved 1132544K
  class space    used 10936K, capacity 11815K, committed 11852K, reserved 1048576K
}
Event: 1645.029 GC heap after
{Heap after GC invocations=59 (full 3):
 garbage-first heap   total 102400K, used 40497K [0x0000000081c00000, 0x0000000100000000)
  region size 1024K, 3 young (3072K), 3 survivors (3072K)
 Metaspace       used 91436K, capacity 93852K, committed 94028K, reserved 1132544K
  class space    used 10936K, capacity 11815K, committed 11852K, reserved 1048576K
}
Event: 1668.268 GC heap before
{Heap before GC invocations=59 (full 3):
 garbage-first heap   total 102400K, used 84529K [0x0000000081c00000, 0x0000000100000000)
  region size 1024K, 46 young (47104K), 3 survivors (3072K)
 Metaspace       used 91436K, capacity 93852K, committed 94028K, reserved 1132544K
  class space    used 10936K, capacity 11815K, committed 11852K, reserved 1048576K
}
Event: 1668.269 GC heap after
{Heap after GC invocations=60 (full 3):
 garbage-first heap   total 102400K, used 40280K [0x0000000081c00000, 0x0000000100000000)
  region size 1024K, 3 young (3072K), 3 survivors (3072K)
 Metaspace       used 91436K, capacity 93852K, committed 94028K, reserved 1132544K
  class space    used 10936K, capacity 11815K, committed 11852K, reserved 1048576K
}
Event: 1691.383 GC heap before
{Heap before GC invocations=60 (full 3):
 garbage-first heap   total 102400K, used 84312K [0x0000000081c00000, 0x0000000100000000)
  region size 1024K, 46 young (47104K), 3 survivors (3072K)
 Metaspace       used 91436K, capacity 93852K, committed 94028K, reserved 1132544K
  class space    used 10936K, capacity 11815K, committed 11852K, reserved 1048576K
}
Event: 1691.384 GC heap after
{Heap after GC invocations=61 (full 3):
 garbage-first heap   total 102400K, used 40376K [0x0000000081c00000, 0x0000000100000000)
  region size 1024K, 3 young (3072K), 3 survivors (3072K)
 Metaspace       used 91436K, capacity 93852K, committed 94028K, reserved 1132544K
  class space    used 10936K, capacity 11815K, committed 11852K, reserved 1048576K
}
Event: 1708.317 GC heap before
{Heap before GC invocations=61 (full 3):
 garbage-first heap   total 102400K, used 71096K [0x0000000081c00000, 0x0000000100000000)
  region size 1024K, 34 young (34816K), 3 survivors (3072K)
 Metaspace       used 91444K, capacity 93858K, committed 94028K, reserved 1132544K
  class space    used 10936K, capacity 11817K, committed 11852K, reserved 1048576K
}
Event: 1708.391 GC heap after
{Heap after GC invocations=62 (full 4):
 garbage-first heap   total 102400K, used 32715K [0x0000000081c00000, 0x0000000100000000)
  region size 1024K, 0 young (0K), 0 survivors (0K)
 Metaspace       used 91440K, capacity 93849K, committed 94028K, reserved 1132544K
  class space    used 10935K, capacity 11814K, committed 11852K, reserved 1048576K
}
Event: 1708.715 GC heap before
{Heap before GC invocations=62 (full 4):
 garbage-first heap   total 102400K, used 79819K [0x0000000081c00000, 0x0000000100000000)
  region size 1024K, 47 young (48128K), 0 survivors (0K)
 Metaspace       used 91707K, capacity 94172K, committed 94412K, reserved 1132544K
  class space    used 10962K, capacity 11855K, committed 11980K, reserved 1048576K
}
Event: 1708.717 GC heap after
{Heap after GC invocations=63 (full 4):
 garbage-first heap   total 102400K, used 35781K [0x0000000081c00000, 0x0000000100000000)
  region size 1024K, 3 young (3072K), 3 survivors (3072K)
 Metaspace       used 91707K, capacity 94172K, committed 94412K, reserved 1132544K
  class space    used 10962K, capacity 11855K, committed 11980K, reserved 1048576K
}
Event: 1708.816 GC heap before
{Heap before GC invocations=63 (full 4):
 garbage-first heap   total 102400K, used 81861K [0x0000000081c00000, 0x0000000100000000)
  region size 1024K, 49 young (50176K), 3 survivors (3072K)
 Metaspace       used 91715K, capacity 94172K, committed 94412K, reserved 1132544K
  class space    used 10963K, capacity 11855K, committed 11980K, reserved 1048576K
}
Event: 1708.819 GC heap after
{Heap after GC invocations=64 (full 4):
 garbage-first heap   total 102400K, used 35787K [0x0000000081c00000, 0x0000000100000000)
  region size 1024K, 3 young (3072K), 3 survivors (3072K)
 Metaspace       used 91715K, capacity 94172K, committed 94412K, reserved 1132544K
  class space    used 10963K, capacity 11855K, committed 11980K, reserved 1048576K
}
Event: 1709.129 GC heap before
{Heap before GC invocations=64 (full 4):
 garbage-first heap   total 102400K, used 82891K [0x0000000081c00000, 0x0000000100000000)
  region size 1024K, 49 young (50176K), 3 survivors (3072K)
 Metaspace       used 92126K, capacity 94596K, committed 94924K, reserved 1132544K
  class space    used 10983K, capacity 11888K, committed 11980K, reserved 1048576K
}
Event: 1709.134 GC heap after
{Heap after GC invocations=65 (full 4):
 garbage-first heap   total 102400K, used 40781K [0x0000000081c00000, 0x0000000100000000)
  region size 1024K, 7 young (7168K), 7 survivors (7168K)
 Metaspace       used 92126K, capacity 94596K, committed 94924K, reserved 1132544K
  class space    used 10983K, capacity 11888K, committed 11980K, reserved 1048576K
}
Event: 1712.737 GC heap before
{Heap before GC invocations=65 (full 4):
 garbage-first heap   total 102400K, used 82765K [0x0000000081c00000, 0x0000000100000000)
  region size 1024K, 48 young (49152K), 7 survivors (7168K)
 Metaspace       used 92328K, capacity 94789K, committed 94924K, reserved 1132544K
  class space    used 10992K, capacity 11888K, committed 11980K, reserved 1048576K
}
Event: 1712.741 GC heap after
{Heap after GC invocations=66 (full 4):
 garbage-first heap   total 102400K, used 40551K [0x0000000081c00000, 0x0000000100000000)
  region size 1024K, 3 young (3072K), 3 survivors (3072K)
 Metaspace       used 92328K, capacity 94789K, committed 94924K, reserved 1132544K
  class space    used 10992K, capacity 11888K, committed 11980K, reserved 1048576K
}

