# JRE version: OpenJDK Runtime Environment AdoptOpenJDK (11.0.8+10) (build 11.0.8+10)
# Java VM: OpenJDK 64-Bit Server VM AdoptOpenJDK (11.0.8+10, mixed mode, tiered, compressed oops, g1 gc, windows-amd64)
Heap:
 garbage-first heap   total 157696K, used 58754K [0x0000000081c00000, 0x0000000100000000)
  region size 1024K, 39 young (39936K), 7 survivors (7168K)
 Metaspace       used 70932K, capacity 72582K, committed 72876K, reserved 1112064K
  class space    used 9005K, capacity 9659K, committed 9728K, reserved 1048576K
GC Heap History (20 events):
Event: 0.694 GC heap before
{Heap before GC invocations=0 (full 0):
 garbage-first heap   total 131072K, used 24576K [0x0000000081c00000, 0x0000000100000000)
  region size 1024K, 24 young (24576K), 0 survivors (0K)
 Metaspace       used 11665K, capacity 11852K, committed 12032K, reserved 1060864K
  class space    used 1127K, capacity 1186K, committed 1280K, reserved 1048576K
}
Event: 0.700 GC heap after
{Heap after GC invocations=1 (full 0):
 garbage-first heap   total 131072K, used 8036K [0x0000000081c00000, 0x0000000100000000)
  region size 1024K, 3 young (3072K), 3 survivors (3072K)
 Metaspace       used 11665K, capacity 11852K, committed 12032K, reserved 1060864K
  class space    used 1127K, capacity 1186K, committed 1280K, reserved 1048576K
}
Event: 0.984 GC heap before
{Heap before GC invocations=1 (full 0):
 garbage-first heap   total 131072K, used 57188K [0x0000000081c00000, 0x0000000100000000)
  region size 1024K, 52 young (53248K), 3 survivors (3072K)
 Metaspace       used 14461K, capacity 14723K, committed 14976K, reserved 1062912K
  class space    used 1447K, capacity 1554K, committed 1664K, reserved 1048576K
}
Event: 0.988 GC heap after
{Heap after GC invocations=2 (full 0):
 garbage-first heap   total 131072K, used 8518K [0x0000000081c00000, 0x0000000100000000)
  region size 1024K, 4 young (4096K), 4 survivors (4096K)
 Metaspace       used 14461K, capacity 14723K, committed 14976K, reserved 1062912K
  class space    used 1447K, capacity 1554K, committed 1664K, reserved 1048576K
}
Event: 1.668 GC heap before
{Heap before GC invocations=2 (full 0):
 garbage-first heap   total 131072K, used 39238K [0x0000000081c00000, 0x0000000100000000)
  region size 1024K, 35 young (35840K), 4 survivors (4096K)
 Metaspace       used 20646K, capacity 21129K, committed 21248K, reserved 1069056K
  class space    used 2293K, capacity 2476K, committed 2560K, reserved 1048576K
}
Event: 1.681 GC heap after
{Heap after GC invocations=3 (full 0):
 garbage-first heap   total 131072K, used 10573K [0x0000000081c00000, 0x0000000100000000)
  region size 1024K, 6 young (6144K), 6 survivors (6144K)
 Metaspace       used 20646K, capacity 21129K, committed 21248K, reserved 1069056K
  class space    used 2293K, capacity 2476K, committed 2560K, reserved 1048576K
}
Event: 2.246 GC heap before
{Heap before GC invocations=4 (full 0):
 garbage-first heap   total 131072K, used 68941K [0x0000000081c00000, 0x0000000100000000)
  region size 1024K, 64 young (65536K), 6 survivors (6144K)
 Metaspace       used 26399K, capacity 27044K, committed 27136K, reserved 1073152K
  class space    used 3066K, capacity 3297K, committed 3328K, reserved 1048576K
}
Event: 2.252 GC heap after
{Heap after GC invocations=5 (full 0):
 garbage-first heap   total 131072K, used 12580K [0x0000000081c00000, 0x0000000100000000)
  region size 1024K, 5 young (5120K), 5 survivors (5120K)
 Metaspace       used 26399K, capacity 27044K, committed 27136K, reserved 1073152K
  class space    used 3066K, capacity 3297K, committed 3328K, reserved 1048576K
}
Event: 2.790 GC heap before
{Heap before GC invocations=5 (full 0):
 garbage-first heap   total 131072K, used 84260K [0x0000000081c00000, 0x0000000100000000)
  region size 1024K, 76 young (77824K), 5 survivors (5120K)
 Metaspace       used 30617K, capacity 31405K, committed 31616K, reserved 1077248K
  class space    used 3599K, capacity 3913K, committed 3968K, reserved 1048576K
}
Event: 2.798 GC heap after
{Heap after GC invocations=6 (full 0):
 garbage-first heap   total 131072K, used 14165K [0x0000000081c00000, 0x0000000100000000)
  region size 1024K, 6 young (6144K), 6 survivors (6144K)
 Metaspace       used 30617K, capacity 31405K, committed 31616K, reserved 1077248K
  class space    used 3599K, capacity 3913K, committed 3968K, reserved 1048576K
}
Event: 3.682 GC heap before
{Heap before GC invocations=6 (full 0):
 garbage-first heap   total 131072K, used 47957K [0x0000000081c00000, 0x0000000100000000)
  region size 1024K, 40 young (40960K), 6 survivors (6144K)
 Metaspace       used 34764K, capacity 35723K, committed 35840K, reserved 1081344K
  class space    used 4142K, capacity 4472K, committed 4480K, reserved 1048576K
}
Event: 3.694 GC heap after
{Heap after GC invocations=7 (full 0):
 garbage-first heap   total 157696K, used 15798K [0x0000000081c00000, 0x0000000100000000)
  region size 1024K, 7 young (7168K), 7 survivors (7168K)
 Metaspace       used 34764K, capacity 35723K, committed 35840K, reserved 1081344K
  class space    used 4142K, capacity 4472K, committed 4480K, reserved 1048576K
}
Event: 4.889 GC heap before
{Heap before GC invocations=8 (full 0):
 garbage-first heap   total 157696K, used 93622K [0x0000000081c00000, 0x0000000100000000)
  region size 1024K, 84 young (86016K), 7 survivors (7168K)
 Metaspace       used 40762K, capacity 41851K, committed 41984K, reserved 1085440K
  class space    used 4875K, capacity 5333K, committed 5376K, reserved 1048576K
}
Event: 4.900 GC heap after
{Heap after GC invocations=9 (full 0):
 garbage-first heap   total 157696K, used 18595K [0x0000000081c00000, 0x0000000100000000)
  region size 1024K, 9 young (9216K), 9 survivors (9216K)
 Metaspace       used 40762K, capacity 41851K, committed 41984K, reserved 1085440K
  class space    used 4875K, capacity 5333K, committed 5376K, reserved 1048576K
}
Event: 5.615 GC heap before
{Heap before GC invocations=9 (full 0):
 garbage-first heap   total 157696K, used 99491K [0x0000000081c00000, 0x0000000100000000)
  region size 1024K, 89 young (91136K), 9 survivors (9216K)
 Metaspace       used 45386K, capacity 46620K, committed 46720K, reserved 1089536K
  class space    used 5514K, capacity 6004K, committed 6016K, reserved 1048576K
}
Event: 5.623 GC heap after
{Heap after GC invocations=10 (full 0):
 garbage-first heap   total 157696K, used 20523K [0x0000000081c00000, 0x0000000100000000)
  region size 1024K, 7 young (7168K), 7 survivors (7168K)
 Metaspace       used 45386K, capacity 46620K, committed 46720K, reserved 1089536K
  class space    used 5514K, capacity 6004K, committed 6016K, reserved 1048576K
}
Event: 21.995 GC heap before
{Heap before GC invocations=10 (full 0):
 garbage-first heap   total 157696K, used 100395K [0x0000000081c00000, 0x0000000100000000)
  region size 1024K, 86 young (88064K), 7 survivors (7168K)
 Metaspace       used 58609K, capacity 59825K, committed 59948K, reserved 1101824K
  class space    used 7248K, capacity 7732K, committed 7808K, reserved 1048576K
}
Event: 22.012 GC heap after
{Heap after GC invocations=11 (full 0):
 garbage-first heap   total 157696K, used 26501K [0x0000000081c00000, 0x0000000100000000)
  region size 1024K, 11 young (11264K), 11 survivors (11264K)
 Metaspace       used 58609K, capacity 59825K, committed 59948K, reserved 1101824K
  class space    used 7248K, capacity 7732K, committed 7808K, reserved 1048576K
}
Event: 23.030 GC heap before
{Heap before GC invocations=12 (full 0):
 garbage-first heap   total 157696K, used 109445K [0x0000000081c00000, 0x0000000100000000)
  region size 1024K, 92 young (94208K), 11 survivors (11264K)
 Metaspace       used 68752K, capacity 70359K, committed 70444K, reserved 1110016K
  class space    used 8702K, capacity 9310K, committed 9344K, reserved 1048576K
}
Event: 23.039 GC heap after
{Heap after GC invocations=13 (full 0):
 garbage-first heap   total 157696K, used 27010K [0x0000000081c00000, 0x0000000100000000)
  region size 1024K, 7 young (7168K), 7 survivors (7168K)
 Metaspace       used 68752K, capacity 70359K, committed 70444K, reserved 1110016K
  class space    used 8702K, capacity 9310K, committed 9344K, reserved 1048576K
}

