# JRE version: OpenJDK Runtime Environment AdoptOpenJDK (11.0.8+10) (build 11.0.8+10)
# Java VM: OpenJDK 64-Bit Server VM AdoptOpenJDK (11.0.8+10, mixed mode, tiered, compressed oops, g1 gc, windows-amd64)
Heap:
 garbage-first heap   total 189440K, used 130114K [0x0000000081c00000, 0x0000000100000000)
  region size 1024K, 102 young (104448K), 6 survivors (6144K)
 Metaspace       used 80181K, capacity 82074K, committed 82432K, reserved 1120256K
  class space    used 10166K, capacity 10892K, committed 11008K, reserved 1048576K
GC Heap History (20 events):
Event: 2.417 GC heap before
{Heap before GC invocations=2 (full 0):
 garbage-first heap   total 131072K, used 42334K [0x0000000081c00000, 0x0000000100000000)
  region size 1024K, 39 young (39936K), 4 survivors (4096K)
 Metaspace       used 20674K, capacity 21138K, committed 21248K, reserved 1069056K
  class space    used 2302K, capacity 2482K, committed 2560K, reserved 1048576K
}
Event: 2.425 GC heap after
{Heap after GC invocations=3 (full 0):
 garbage-first heap   total 131072K, used 10340K [0x0000000081c00000, 0x0000000100000000)
  region size 1024K, 6 young (6144K), 6 survivors (6144K)
 Metaspace       used 20674K, capacity 21138K, committed 21248K, reserved 1069056K
  class space    used 2302K, capacity 2482K, committed 2560K, reserved 1048576K
}
Event: 3.057 GC heap before
{Heap before GC invocations=4 (full 0):
 garbage-first heap   total 131072K, used 67684K [0x0000000081c00000, 0x0000000100000000)
  region size 1024K, 63 young (64512K), 6 survivors (6144K)
 Metaspace       used 24925K, capacity 25593K, committed 25728K, reserved 1071104K
  class space    used 2924K, capacity 3176K, committed 3200K, reserved 1048576K
}
Event: 3.064 GC heap after
{Heap after GC invocations=5 (full 0):
 garbage-first heap   total 131072K, used 12484K [0x0000000081c00000, 0x0000000100000000)
  region size 1024K, 5 young (5120K), 5 survivors (5120K)
 Metaspace       used 24925K, capacity 25593K, committed 25728K, reserved 1071104K
  class space    used 2924K, capacity 3176K, committed 3200K, reserved 1048576K
}
Event: 3.877 GC heap before
{Heap before GC invocations=5 (full 0):
 garbage-first heap   total 131072K, used 82116K [0x0000000081c00000, 0x0000000100000000)
  region size 1024K, 74 young (75776K), 5 survivors (5120K)
 Metaspace       used 30412K, capacity 31222K, committed 31360K, reserved 1077248K
  class space    used 3566K, capacity 3875K, committed 3968K, reserved 1048576K
}
Event: 3.886 GC heap after
{Heap after GC invocations=6 (full 0):
 garbage-first heap   total 157696K, used 13799K [0x0000000081c00000, 0x0000000100000000)
  region size 1024K, 6 young (6144K), 6 survivors (6144K)
 Metaspace       used 30412K, capacity 31222K, committed 31360K, reserved 1077248K
  class space    used 3566K, capacity 3875K, committed 3968K, reserved 1048576K
}
Event: 5.099 GC heap before
{Heap before GC invocations=6 (full 0):
 garbage-first heap   total 157696K, used 48615K [0x0000000081c00000, 0x0000000100000000)
  region size 1024K, 41 young (41984K), 6 survivors (6144K)
 Metaspace       used 34753K, capacity 35687K, committed 35840K, reserved 1081344K
  class space    used 4144K, capacity 4504K, committed 4608K, reserved 1048576K
}
Event: 5.110 GC heap after
{Heap after GC invocations=7 (full 0):
 garbage-first heap   total 157696K, used 15368K [0x0000000081c00000, 0x0000000100000000)
  region size 1024K, 7 young (7168K), 7 survivors (7168K)
 Metaspace       used 34753K, capacity 35687K, committed 35840K, reserved 1081344K
  class space    used 4144K, capacity 4504K, committed 4608K, reserved 1048576K
}
Event: 6.541 GC heap before
{Heap before GC invocations=8 (full 0):
 garbage-first heap   total 157696K, used 101384K [0x0000000081c00000, 0x0000000100000000)
  region size 1024K, 92 young (94208K), 7 survivors (7168K)
 Metaspace       used 40786K, capacity 41911K, committed 41984K, reserved 1085440K
  class space    used 4876K, capacity 5333K, committed 5376K, reserved 1048576K
}
Event: 6.551 GC heap after
{Heap after GC invocations=9 (full 0):
 garbage-first heap   total 157696K, used 18721K [0x0000000081c00000, 0x0000000100000000)
  region size 1024K, 9 young (9216K), 9 survivors (9216K)
 Metaspace       used 40786K, capacity 41911K, committed 41984K, reserved 1085440K
  class space    used 4876K, capacity 5333K, committed 5376K, reserved 1048576K
}
Event: 7.952 GC heap before
{Heap before GC invocations=9 (full 0):
 garbage-first heap   total 157696K, used 102689K [0x0000000081c00000, 0x0000000100000000)
  region size 1024K, 92 young (94208K), 9 survivors (9216K)
 Metaspace       used 47193K, capacity 48434K, committed 48640K, reserved 1091584K
  class space    used 5843K, capacity 6333K, committed 6400K, reserved 1048576K
}
Event: 7.966 GC heap after
{Heap after GC invocations=10 (full 0):
 garbage-first heap   total 157696K, used 21129K [0x0000000081c00000, 0x0000000100000000)
  region size 1024K, 8 young (8192K), 8 survivors (8192K)
 Metaspace       used 47193K, capacity 48434K, committed 48640K, reserved 1091584K
  class space    used 5843K, capacity 6333K, committed 6400K, reserved 1048576K
}
Event: 195.827 GC heap before
{Heap before GC invocations=10 (full 0):
 garbage-first heap   total 157696K, used 87689K [0x0000000081c00000, 0x0000000100000000)
  region size 1024K, 74 young (75776K), 8 survivors (8192K)
 Metaspace       used 58878K, capacity 60141K, committed 60160K, reserved 1101824K
  class space    used 7293K, capacity 7796K, committed 7808K, reserved 1048576K
}
Event: 195.839 GC heap after
{Heap after GC invocations=11 (full 0):
 garbage-first heap   total 189440K, used 26304K [0x0000000081c00000, 0x0000000100000000)
  region size 1024K, 11 young (11264K), 11 survivors (11264K)
 Metaspace       used 58878K, capacity 60141K, committed 60160K, reserved 1101824K
  class space    used 7293K, capacity 7796K, committed 7808K, reserved 1048576K
}
Event: 197.304 GC heap before
{Heap before GC invocations=12 (full 0):
 garbage-first heap   total 189440K, used 128704K [0x0000000081c00000, 0x0000000100000000)
  region size 1024K, 111 young (113664K), 11 survivors (11264K)
 Metaspace       used 70024K, capacity 71739K, committed 71808K, reserved 1112064K
  class space    used 8890K, capacity 9553K, committed 9600K, reserved 1048576K
}
Event: 197.312 GC heap after
{Heap after GC invocations=13 (full 0):
 garbage-first heap   total 189440K, used 28245K [0x0000000081c00000, 0x0000000100000000)
  region size 1024K, 8 young (8192K), 8 survivors (8192K)
 Metaspace       used 70024K, capacity 71739K, committed 71808K, reserved 1112064K
  class space    used 8890K, capacity 9553K, committed 9600K, reserved 1048576K
}
Event: 221.582 GC heap before
{Heap before GC invocations=13 (full 0):
 garbage-first heap   total 189440K, used 133717K [0x0000000081c00000, 0x0000000100000000)
  region size 1024K, 111 young (113664K), 8 survivors (8192K)
 Metaspace       used 75568K, capacity 77456K, committed 77696K, reserved 1116160K
  class space    used 9657K, capacity 10356K, committed 10368K, reserved 1048576K
}
Event: 221.589 GC heap after
{Heap after GC invocations=14 (full 0):
 garbage-first heap   total 189440K, used 31918K [0x0000000081c00000, 0x0000000100000000)
  region size 1024K, 12 young (12288K), 12 survivors (12288K)
 Metaspace       used 75568K, capacity 77456K, committed 77696K, reserved 1116160K
  class space    used 9657K, capacity 10356K, committed 10368K, reserved 1048576K
}
Event: 278.724 GC heap before
{Heap before GC invocations=14 (full 0):
 garbage-first heap   total 189440K, used 133294K [0x0000000081c00000, 0x0000000100000000)
  region size 1024K, 111 young (113664K), 12 survivors (12288K)
 Metaspace       used 75603K, capacity 77456K, committed 77696K, reserved 1116160K
  class space    used 9657K, capacity 10356K, committed 10368K, reserved 1048576K
}
Event: 278.733 GC heap after
{Heap after GC invocations=15 (full 0):
 garbage-first heap   total 189440K, used 32834K [0x0000000081c00000, 0x0000000100000000)
  region size 1024K, 6 young (6144K), 6 survivors (6144K)
 Metaspace       used 75603K, capacity 77456K, committed 77696K, reserved 1116160K
  class space    used 9657K, capacity 10356K, committed 10368K, reserved 1048576K
}

