# JRE version: OpenJDK Runtime Environment AdoptOpenJDK (11.0.8+10) (build 11.0.8+10)
# Java VM: OpenJDK 64-Bit Server VM AdoptOpenJDK (11.0.8+10, mixed mode, tiered, compressed oops, g1 gc, windows-amd64)
Heap:
 garbage-first heap   total 190464K, used 48851K [0x0000000081c00000, 0x0000000100000000)
  region size 1024K, 29 young (29696K), 12 survivors (12288K)
 Metaspace       used 79377K, capacity 81309K, committed 81484K, reserved 1120256K
  class space    used 10054K, capacity 10794K, committed 10828K, reserved 1048576K
GC Heap History (20 events):
Event: 1.608 GC heap before
{Heap before GC invocations=1 (full 0):
 garbage-first heap   total 131072K, used 81303K [0x0000000081c00000, 0x0000000100000000)
  region size 1024K, 76 young (77824K), 3 survivors (3072K)
 Metaspace       used 20328K, capacity 20859K, committed 20992K, reserved 1067008K
  class space    used 2254K, capacity 2437K, committed 2560K, reserved 1048576K
}
Event: 1.640 GC heap after
{Heap after GC invocations=2 (full 0):
 garbage-first heap   total 131072K, used 10057K [0x0000000081c00000, 0x0000000100000000)
  region size 1024K, 6 young (6144K), 6 survivors (6144K)
 Metaspace       used 20328K, capacity 20859K, committed 20992K, reserved 1067008K
  class space    used 2254K, capacity 2437K, committed 2560K, reserved 1048576K
}
Event: 1.674 GC heap before
{Heap before GC invocations=2 (full 0):
 garbage-first heap   total 131072K, used 12105K [0x0000000081c00000, 0x0000000100000000)
  region size 1024K, 9 young (9216K), 6 survivors (6144K)
 Metaspace       used 20628K, capacity 21116K, committed 21248K, reserved 1069056K
  class space    used 2295K, capacity 2476K, committed 2560K, reserved 1048576K
}
Event: 1.681 GC heap after
{Heap after GC invocations=3 (full 0):
 garbage-first heap   total 131072K, used 10619K [0x0000000081c00000, 0x0000000100000000)
  region size 1024K, 3 young (3072K), 3 survivors (3072K)
 Metaspace       used 20628K, capacity 21116K, committed 21248K, reserved 1069056K
  class space    used 2295K, capacity 2476K, committed 2560K, reserved 1048576K
}
Event: 2.145 GC heap before
{Heap before GC invocations=4 (full 0):
 garbage-first heap   total 131072K, used 81275K [0x0000000081c00000, 0x0000000100000000)
  region size 1024K, 73 young (74752K), 3 survivors (3072K)
 Metaspace       used 26044K, capacity 26710K, committed 26880K, reserved 1073152K
  class space    used 3044K, capacity 3297K, committed 3328K, reserved 1048576K
}
Event: 2.150 GC heap after
{Heap after GC invocations=5 (full 0):
 garbage-first heap   total 131072K, used 12455K [0x0000000081c00000, 0x0000000100000000)
  region size 1024K, 5 young (5120K), 5 survivors (5120K)
 Metaspace       used 26044K, capacity 26710K, committed 26880K, reserved 1073152K
  class space    used 3044K, capacity 3297K, committed 3328K, reserved 1048576K
}
Event: 2.793 GC heap before
{Heap before GC invocations=5 (full 0):
 garbage-first heap   total 131072K, used 84135K [0x0000000081c00000, 0x0000000100000000)
  region size 1024K, 76 young (77824K), 5 survivors (5120K)
 Metaspace       used 32518K, capacity 33405K, committed 33664K, reserved 1079296K
  class space    used 3860K, capacity 4220K, committed 4224K, reserved 1048576K
}
Event: 2.798 GC heap after
{Heap after GC invocations=6 (full 0):
 garbage-first heap   total 158720K, used 14790K [0x0000000081c00000, 0x0000000100000000)
  region size 1024K, 7 young (7168K), 7 survivors (7168K)
 Metaspace       used 32518K, capacity 33405K, committed 33664K, reserved 1079296K
  class space    used 3860K, capacity 4220K, committed 4224K, reserved 1048576K
}
Event: 3.065 GC heap before
{Heap before GC invocations=6 (full 0):
 garbage-first heap   total 158720K, used 29126K [0x0000000081c00000, 0x0000000100000000)
  region size 1024K, 22 young (22528K), 7 survivors (7168K)
 Metaspace       used 34805K, capacity 35698K, committed 35840K, reserved 1081344K
  class space    used 4164K, capacity 4514K, committed 4608K, reserved 1048576K
}
Event: 3.074 GC heap after
{Heap after GC invocations=7 (full 0):
 garbage-first heap   total 158720K, used 15753K [0x0000000081c00000, 0x0000000100000000)
  region size 1024K, 6 young (6144K), 6 survivors (6144K)
 Metaspace       used 34805K, capacity 35698K, committed 35840K, reserved 1081344K
  class space    used 4164K, capacity 4514K, committed 4608K, reserved 1048576K
}
Event: 4.030 GC heap before
{Heap before GC invocations=8 (full 0):
 garbage-first heap   total 158720K, used 95625K [0x0000000081c00000, 0x0000000100000000)
  region size 1024K, 85 young (87040K), 6 survivors (6144K)
 Metaspace       used 40513K, capacity 41635K, committed 41728K, reserved 1085440K
  class space    used 4845K, capacity 5288K, committed 5376K, reserved 1048576K
}
Event: 4.037 GC heap after
{Heap after GC invocations=9 (full 0):
 garbage-first heap   total 158720K, used 18251K [0x0000000081c00000, 0x0000000100000000)
  region size 1024K, 8 young (8192K), 8 survivors (8192K)
 Metaspace       used 40513K, capacity 41635K, committed 41728K, reserved 1085440K
  class space    used 4845K, capacity 5288K, committed 5376K, reserved 1048576K
}
Event: 5.231 GC heap before
{Heap before GC invocations=9 (full 0):
 garbage-first heap   total 158720K, used 104267K [0x0000000081c00000, 0x0000000100000000)
  region size 1024K, 93 young (95232K), 8 survivors (8192K)
 Metaspace       used 48287K, capacity 49585K, committed 49792K, reserved 1093632K
  class space    used 5966K, capacity 6466K, committed 6528K, reserved 1048576K
}
Event: 5.241 GC heap after
{Heap after GC invocations=10 (full 0):
 garbage-first heap   total 158720K, used 21490K [0x0000000081c00000, 0x0000000100000000)
  region size 1024K, 8 young (8192K), 8 survivors (8192K)
 Metaspace       used 48287K, capacity 49585K, committed 49792K, reserved 1093632K
  class space    used 5966K, capacity 6466K, committed 6528K, reserved 1048576K
}
Event: 7.769 GC heap before
{Heap before GC invocations=10 (full 0):
 garbage-first heap   total 158720K, used 82930K [0x0000000081c00000, 0x0000000100000000)
  region size 1024K, 69 young (70656K), 8 survivors (8192K)
 Metaspace       used 58826K, capacity 60100K, committed 60160K, reserved 1101824K
  class space    used 7304K, capacity 7787K, committed 7808K, reserved 1048576K
}
Event: 7.781 GC heap after
{Heap after GC invocations=11 (full 0):
 garbage-first heap   total 158720K, used 25848K [0x0000000081c00000, 0x0000000100000000)
  region size 1024K, 11 young (11264K), 11 survivors (11264K)
 Metaspace       used 58826K, capacity 60100K, committed 60160K, reserved 1101824K
  class space    used 7304K, capacity 7787K, committed 7808K, reserved 1048576K
}
Event: 9.358 GC heap before
{Heap before GC invocations=12 (full 0):
 garbage-first heap   total 158720K, used 109816K [0x0000000081c00000, 0x0000000100000000)
  region size 1024K, 93 young (95232K), 11 survivors (11264K)
 Metaspace       used 68931K, capacity 70549K, committed 70860K, reserved 1110016K
  class space    used 8721K, capacity 9334K, committed 9420K, reserved 1048576K
}
Event: 9.371 GC heap after
{Heap after GC invocations=13 (full 0):
 garbage-first heap   total 190464K, used 26337K [0x0000000081c00000, 0x0000000100000000)
  region size 1024K, 6 young (6144K), 6 survivors (6144K)
 Metaspace       used 68931K, capacity 70549K, committed 70860K, reserved 1110016K
  class space    used 8721K, capacity 9334K, committed 9420K, reserved 1048576K
}
Event: 23.975 GC heap before
{Heap before GC invocations=13 (full 0):
 garbage-first heap   total 190464K, used 130785K [0x0000000081c00000, 0x0000000100000000)
  region size 1024K, 108 young (110592K), 6 survivors (6144K)
 Metaspace       used 77908K, capacity 79775K, committed 80076K, reserved 1118208K
  class space    used 9921K, capacity 10624K, committed 10700K, reserved 1048576K
}
Event: 23.984 GC heap after
{Heap after GC invocations=14 (full 0):
 garbage-first heap   total 190464K, used 32467K [0x0000000081c00000, 0x0000000100000000)
  region size 1024K, 12 young (12288K), 12 survivors (12288K)
 Metaspace       used 77908K, capacity 79775K, committed 80076K, reserved 1118208K
  class space    used 9921K, capacity 10624K, committed 10700K, reserved 1048576K
}

