# JRE version: OpenJDK Runtime Environment AdoptOpenJDK (11.0.8+10) (build 11.0.8+10)
# Java VM: OpenJDK 64-Bit Server VM AdoptOpenJDK (11.0.8+10, mixed mode, tiered, compressed oops, g1 gc, windows-amd64)
Heap:
 garbage-first heap   total 189440K, used 27894K [0x0000000081c00000, 0x0000000100000000)
  region size 1024K, 11 young (11264K), 10 survivors (10240K)
 Metaspace       used 71439K, capacity 73137K, committed 73216K, reserved 1112064K
  class space    used 9025K, capacity 9676K, committed 9728K, reserved 1048576K
GC Heap History (19 events):
Event: 0.686 GC heap before
{Heap before GC invocations=0 (full 0):
 garbage-first heap   total 131072K, used 24576K [0x0000000081c00000, 0x0000000100000000)
  region size 1024K, 24 young (24576K), 0 survivors (0K)
 Metaspace       used 11625K, capacity 11791K, committed 12032K, reserved 1060864K
  class space    used 1127K, capacity 1186K, committed 1280K, reserved 1048576K
}
Event: 0.690 GC heap after
{Heap after GC invocations=1 (full 0):
 garbage-first heap   total 131072K, used 7770K [0x0000000081c00000, 0x0000000100000000)
  region size 1024K, 3 young (3072K), 3 survivors (3072K)
 Metaspace       used 11625K, capacity 11791K, committed 12032K, reserved 1060864K
  class space    used 1127K, capacity 1186K, committed 1280K, reserved 1048576K
}
Event: 0.971 GC heap before
{Heap before GC invocations=1 (full 0):
 garbage-first heap   total 131072K, used 59994K [0x0000000081c00000, 0x0000000100000000)
  region size 1024K, 55 young (56320K), 3 survivors (3072K)
 Metaspace       used 15637K, capacity 15973K, committed 16128K, reserved 1062912K
  class space    used 1620K, capacity 1739K, committed 1792K, reserved 1048576K
}
Event: 0.975 GC heap after
{Heap after GC invocations=2 (full 0):
 garbage-first heap   total 131072K, used 8940K [0x0000000081c00000, 0x0000000100000000)
  region size 1024K, 5 young (5120K), 5 survivors (5120K)
 Metaspace       used 15637K, capacity 15973K, committed 16128K, reserved 1062912K
  class space    used 1620K, capacity 1739K, committed 1792K, reserved 1048576K
}
Event: 1.451 GC heap before
{Heap before GC invocations=2 (full 0):
 garbage-first heap   total 131072K, used 35564K [0x0000000081c00000, 0x0000000100000000)
  region size 1024K, 32 young (32768K), 5 survivors (5120K)
 Metaspace       used 20718K, capacity 21195K, committed 21248K, reserved 1069056K
  class space    used 2317K, capacity 2520K, committed 2560K, reserved 1048576K
}
Event: 1.456 GC heap after
{Heap after GC invocations=3 (full 0):
 garbage-first heap   total 131072K, used 10299K [0x0000000081c00000, 0x0000000100000000)
  region size 1024K, 6 young (6144K), 6 survivors (6144K)
 Metaspace       used 20718K, capacity 21195K, committed 21248K, reserved 1069056K
  class space    used 2317K, capacity 2520K, committed 2560K, reserved 1048576K
}
Event: 1.867 GC heap before
{Heap before GC invocations=4 (full 0):
 garbage-first heap   total 131072K, used 72763K [0x0000000081c00000, 0x0000000100000000)
  region size 1024K, 68 young (69632K), 6 survivors (6144K)
 Metaspace       used 26894K, capacity 27504K, committed 27776K, reserved 1073152K
  class space    used 3111K, capacity 3363K, committed 3456K, reserved 1048576K
}
Event: 1.872 GC heap after
{Heap after GC invocations=5 (full 0):
 garbage-first heap   total 131072K, used 12575K [0x0000000081c00000, 0x0000000100000000)
  region size 1024K, 5 young (5120K), 5 survivors (5120K)
 Metaspace       used 26894K, capacity 27504K, committed 27776K, reserved 1073152K
  class space    used 3111K, capacity 3363K, committed 3456K, reserved 1048576K
}
Event: 2.467 GC heap before
{Heap before GC invocations=5 (full 0):
 garbage-first heap   total 131072K, used 84255K [0x0000000081c00000, 0x0000000100000000)
  region size 1024K, 76 young (77824K), 5 survivors (5120K)
 Metaspace       used 31747K, capacity 32678K, committed 32896K, reserved 1077248K
  class space    used 3746K, capacity 4102K, committed 4224K, reserved 1048576K
}
Event: 2.473 GC heap after
{Heap after GC invocations=6 (full 0):
 garbage-first heap   total 157696K, used 14533K [0x0000000081c00000, 0x0000000100000000)
  region size 1024K, 7 young (7168K), 7 survivors (7168K)
 Metaspace       used 31747K, capacity 32678K, committed 32896K, reserved 1077248K
  class space    used 3746K, capacity 4102K, committed 4224K, reserved 1048576K
}
Event: 2.887 GC heap before
{Heap before GC invocations=6 (full 0):
 garbage-first heap   total 157696K, used 38085K [0x0000000081c00000, 0x0000000100000000)
  region size 1024K, 31 young (31744K), 7 survivors (7168K)
 Metaspace       used 34783K, capacity 35759K, committed 35840K, reserved 1081344K
  class space    used 4170K, capacity 4542K, committed 4608K, reserved 1048576K
}
Event: 2.896 GC heap after
{Heap after GC invocations=7 (full 0):
 garbage-first heap   total 157696K, used 15933K [0x0000000081c00000, 0x0000000100000000)
  region size 1024K, 7 young (7168K), 7 survivors (7168K)
 Metaspace       used 34783K, capacity 35759K, committed 35840K, reserved 1081344K
  class space    used 4170K, capacity 4542K, committed 4608K, reserved 1048576K
}
Event: 3.657 GC heap before
{Heap before GC invocations=8 (full 0):
 garbage-first heap   total 157696K, used 101949K [0x0000000081c00000, 0x0000000100000000)
  region size 1024K, 92 young (94208K), 7 survivors (7168K)
 Metaspace       used 40000K, capacity 41141K, committed 41344K, reserved 1085440K
  class space    used 4772K, capacity 5225K, committed 5248K, reserved 1048576K
}
Event: 3.665 GC heap after
{Heap after GC invocations=9 (full 0):
 garbage-first heap   total 157696K, used 18542K [0x0000000081c00000, 0x0000000100000000)
  region size 1024K, 8 young (8192K), 8 survivors (8192K)
 Metaspace       used 40000K, capacity 41141K, committed 41344K, reserved 1085440K
  class space    used 4772K, capacity 5225K, committed 5248K, reserved 1048576K
}
Event: 4.733 GC heap before
{Heap before GC invocations=9 (full 0):
 garbage-first heap   total 157696K, used 103534K [0x0000000081c00000, 0x0000000100000000)
  region size 1024K, 92 young (94208K), 8 survivors (8192K)
 Metaspace       used 51831K, capacity 53072K, committed 53376K, reserved 1095680K
  class space    used 6410K, capacity 6919K, committed 7040K, reserved 1048576K
}
Event: 4.740 GC heap after
{Heap after GC invocations=10 (full 0):
 garbage-first heap   total 157696K, used 22135K [0x0000000081c00000, 0x0000000100000000)
  region size 1024K, 10 young (10240K), 10 survivors (10240K)
 Metaspace       used 51831K, capacity 53072K, committed 53376K, reserved 1095680K
  class space    used 6410K, capacity 6919K, committed 7040K, reserved 1048576K
}
Event: 5.285 GC heap before
{Heap before GC invocations=10 (full 0):
 garbage-first heap   total 157696K, used 75383K [0x0000000081c00000, 0x0000000100000000)
  region size 1024K, 63 young (64512K), 10 survivors (10240K)
 Metaspace       used 58790K, capacity 60060K, committed 60160K, reserved 1101824K
  class space    used 7355K, capacity 7853K, committed 7936K, reserved 1048576K
}
Event: 5.298 GC heap after
{Heap after GC invocations=11 (full 0):
 garbage-first heap   total 189440K, used 25735K [0x0000000081c00000, 0x0000000100000000)
  region size 1024K, 10 young (10240K), 10 survivors (10240K)
 Metaspace       used 58790K, capacity 60060K, committed 60160K, reserved 1101824K
  class space    used 7355K, capacity 7853K, committed 7936K, reserved 1048576K
}
Event: 7.810 GC heap before
{Heap before GC invocations=12 (full 0):
 garbage-first heap   total 189440K, used 129159K [0x0000000081c00000, 0x0000000100000000)
  region size 1024K, 111 young (113664K), 10 survivors (10240K)
 Metaspace       used 71263K, capacity 72933K, committed 73216K, reserved 1112064K
  class space    used 9007K, capacity 9672K, committed 9728K, reserved 1048576K
}

