# JRE version: OpenJDK Runtime Environment AdoptOpenJDK (11.0.8+10) (build 11.0.8+10)
# Java VM: OpenJDK 64-Bit Server VM AdoptOpenJDK (11.0.8+10, mixed mode, tiered, compressed oops, g1 gc, windows-amd64)
Heap:
 garbage-first heap   total 189440K, used 74313K [0x0000000081c00000, 0x0000000100000000)
  region size 1024K, 50 young (51200K), 5 survivors (5120K)
 Metaspace       used 77293K, capacity 79130K, committed 79232K, reserved 1118208K
  class space    used 9785K, capacity 10522K, committed 10624K, reserved 1048576K
GC Heap History (20 events):
Event: 2.602 GC heap before
{Heap before GC invocations=4 (full 0):
 garbage-first heap   total 131072K, used 66594K [0x0000000081c00000, 0x0000000100000000)
  region size 1024K, 62 young (63488K), 6 survivors (6144K)
 Metaspace       used 25569K, capacity 26175K, committed 26368K, reserved 1073152K
  class space    used 2974K, capacity 3203K, committed 3328K, reserved 1048576K
}
Event: 2.609 GC heap after
{Heap after GC invocations=5 (full 0):
 garbage-first heap   total 131072K, used 11688K [0x0000000081c00000, 0x0000000100000000)
  region size 1024K, 4 young (4096K), 4 survivors (4096K)
 Metaspace       used 25569K, capacity 26175K, committed 26368K, reserved 1073152K
  class space    used 2974K, capacity 3203K, committed 3328K, reserved 1048576K
}
Event: 3.353 GC heap before
{Heap before GC invocations=5 (full 0):
 garbage-first heap   total 131072K, used 78248K [0x0000000081c00000, 0x0000000100000000)
  region size 1024K, 70 young (71680K), 4 survivors (4096K)
 Metaspace       used 30412K, capacity 31258K, committed 31360K, reserved 1077248K
  class space    used 3566K, capacity 3891K, committed 3968K, reserved 1048576K
}
Event: 3.360 GC heap after
{Heap after GC invocations=6 (full 0):
 garbage-first heap   total 157696K, used 13267K [0x0000000081c00000, 0x0000000100000000)
  region size 1024K, 6 young (6144K), 6 survivors (6144K)
 Metaspace       used 30412K, capacity 31258K, committed 31360K, reserved 1077248K
  class space    used 3566K, capacity 3891K, committed 3968K, reserved 1048576K
}
Event: 4.432 GC heap before
{Heap before GC invocations=6 (full 0):
 garbage-first heap   total 157696K, used 48083K [0x0000000081c00000, 0x0000000100000000)
  region size 1024K, 41 young (41984K), 6 survivors (6144K)
 Metaspace       used 34780K, capacity 35746K, committed 35840K, reserved 1081344K
  class space    used 4165K, capacity 4542K, committed 4608K, reserved 1048576K
}
Event: 4.449 GC heap after
{Heap after GC invocations=7 (full 0):
 garbage-first heap   total 157696K, used 15623K [0x0000000081c00000, 0x0000000100000000)
  region size 1024K, 8 young (8192K), 8 survivors (8192K)
 Metaspace       used 34780K, capacity 35746K, committed 35840K, reserved 1081344K
  class space    used 4165K, capacity 4542K, committed 4608K, reserved 1048576K
}
Event: 6.012 GC heap before
{Heap before GC invocations=8 (full 0):
 garbage-first heap   total 157696K, used 92423K [0x0000000081c00000, 0x0000000100000000)
  region size 1024K, 84 young (86016K), 8 survivors (8192K)
 Metaspace       used 40020K, capacity 41190K, committed 41344K, reserved 1085440K
  class space    used 4769K, capacity 5225K, committed 5248K, reserved 1048576K
}
Event: 6.022 GC heap after
{Heap after GC invocations=9 (full 0):
 garbage-first heap   total 157696K, used 17977K [0x0000000081c00000, 0x0000000100000000)
  region size 1024K, 8 young (8192K), 8 survivors (8192K)
 Metaspace       used 40020K, capacity 41190K, committed 41344K, reserved 1085440K
  class space    used 4769K, capacity 5225K, committed 5248K, reserved 1048576K
}
Event: 7.196 GC heap before
{Heap before GC invocations=9 (full 0):
 garbage-first heap   total 157696K, used 102969K [0x0000000081c00000, 0x0000000100000000)
  region size 1024K, 92 young (94208K), 8 survivors (8192K)
 Metaspace       used 48570K, capacity 49844K, committed 50048K, reserved 1093632K
  class space    used 5972K, capacity 6467K, committed 6528K, reserved 1048576K
}
Event: 7.206 GC heap after
{Heap after GC invocations=10 (full 0):
 garbage-first heap   total 157696K, used 20777K [0x0000000081c00000, 0x0000000100000000)
  region size 1024K, 8 young (8192K), 8 survivors (8192K)
 Metaspace       used 48570K, capacity 49844K, committed 50048K, reserved 1093632K
  class space    used 5972K, capacity 6467K, committed 6528K, reserved 1048576K
}
Event: 65.065 GC heap before
{Heap before GC invocations=10 (full 0):
 garbage-first heap   total 157696K, used 83241K [0x0000000081c00000, 0x0000000100000000)
  region size 1024K, 70 young (71680K), 8 survivors (8192K)
 Metaspace       used 58694K, capacity 60013K, committed 60160K, reserved 1101824K
  class space    used 7333K, capacity 7821K, committed 7936K, reserved 1048576K
}
Event: 65.079 GC heap after
{Heap after GC invocations=11 (full 0):
 garbage-first heap   total 189440K, used 25414K [0x0000000081c00000, 0x0000000100000000)
  region size 1024K, 10 young (10240K), 10 survivors (10240K)
 Metaspace       used 58694K, capacity 60013K, committed 60160K, reserved 1101824K
  class space    used 7333K, capacity 7821K, committed 7936K, reserved 1048576K
}
Event: 101.671 GC heap before
{Heap before GC invocations=12 (full 0):
 garbage-first heap   total 189440K, used 124742K [0x0000000081c00000, 0x0000000100000000)
  region size 1024K, 107 young (109568K), 10 survivors (10240K)
 Metaspace       used 70514K, capacity 72110K, committed 72320K, reserved 1112064K
  class space    used 8880K, capacity 9490K, committed 9600K, reserved 1048576K
}
Event: 101.682 GC heap after
{Heap after GC invocations=13 (full 0):
 garbage-first heap   total 189440K, used 26818K [0x0000000081c00000, 0x0000000100000000)
  region size 1024K, 7 young (7168K), 7 survivors (7168K)
 Metaspace       used 70514K, capacity 72110K, committed 72320K, reserved 1112064K
  class space    used 8880K, capacity 9490K, committed 9600K, reserved 1048576K
}
Event: 137.987 GC heap before
{Heap before GC invocations=13 (full 0):
 garbage-first heap   total 189440K, used 133314K [0x0000000081c00000, 0x0000000100000000)
  region size 1024K, 111 young (113664K), 7 survivors (7168K)
 Metaspace       used 74603K, capacity 76457K, committed 76800K, reserved 1116160K
  class space    used 9442K, capacity 10143K, committed 10240K, reserved 1048576K
}
Event: 137.993 GC heap after
{Heap after GC invocations=14 (full 0):
 garbage-first heap   total 189440K, used 30138K [0x0000000081c00000, 0x0000000100000000)
  region size 1024K, 10 young (10240K), 10 survivors (10240K)
 Metaspace       used 74603K, capacity 76457K, committed 76800K, reserved 1116160K
  class space    used 9442K, capacity 10143K, committed 10240K, reserved 1048576K
}
Event: 201.031 GC heap before
{Heap before GC invocations=14 (full 0):
 garbage-first heap   total 189440K, used 133562K [0x0000000081c00000, 0x0000000100000000)
  region size 1024K, 111 young (113664K), 10 survivors (10240K)
 Metaspace       used 74641K, capacity 76457K, committed 76800K, reserved 1116160K
  class space    used 9443K, capacity 10143K, committed 10240K, reserved 1048576K
}
Event: 201.038 GC heap after
{Heap after GC invocations=15 (full 0):
 garbage-first heap   total 189440K, used 31020K [0x0000000081c00000, 0x0000000100000000)
  region size 1024K, 5 young (5120K), 5 survivors (5120K)
 Metaspace       used 74641K, capacity 76457K, committed 76800K, reserved 1116160K
  class space    used 9443K, capacity 10143K, committed 10240K, reserved 1048576K
}
Event: 262.768 GC heap before
{Heap before GC invocations=15 (full 0):
 garbage-first heap   total 189440K, used 139564K [0x0000000081c00000, 0x0000000100000000)
  region size 1024K, 111 young (113664K), 5 survivors (5120K)
 Metaspace       used 74657K, capacity 76457K, committed 76800K, reserved 1116160K
  class space    used 9443K, capacity 10143K, committed 10240K, reserved 1048576K
}
Event: 262.771 GC heap after
{Heap after GC invocations=16 (full 0):
 garbage-first heap   total 189440K, used 30281K [0x0000000081c00000, 0x0000000100000000)
  region size 1024K, 5 young (5120K), 5 survivors (5120K)
 Metaspace       used 74657K, capacity 76457K, committed 76800K, reserved 1116160K
  class space    used 9443K, capacity 10143K, committed 10240K, reserved 1048576K
}

