# JRE version: OpenJDK Runtime Environment AdoptOpenJDK (11.0.8+10) (build 11.0.8+10)
# Java VM: OpenJDK 64-Bit Server VM AdoptOpenJDK (11.0.8+10, mixed mode, tiered, compressed oops, g1 gc, windows-amd64)
Heap:
 garbage-first heap   total 157696K, used 103584K [0x0000000081c00000, 0x0000000100000000)
  region size 1024K, 88 young (90112K), 12 survivors (12288K)
 Metaspace       used 68495K, capacity 70086K, committed 70272K, reserved 1110016K
  class space    used 8661K, capacity 9267K, committed 9344K, reserved 1048576K
GC Heap History (18 events):
Event: 0.597 GC heap before
{Heap before GC invocations=0 (full 0):
 garbage-first heap   total 131072K, used 24576K [0x0000000081c00000, 0x0000000100000000)
  region size 1024K, 24 young (24576K), 0 survivors (0K)
 Metaspace       used 11653K, capacity 11848K, committed 12032K, reserved 1060864K
  class space    used 1127K, capacity 1186K, committed 1280K, reserved 1048576K
}
Event: 0.603 GC heap after
{Heap after GC invocations=1 (full 0):
 garbage-first heap   total 131072K, used 7795K [0x0000000081c00000, 0x0000000100000000)
  region size 1024K, 3 young (3072K), 3 survivors (3072K)
 Metaspace       used 11653K, capacity 11848K, committed 12032K, reserved 1060864K
  class space    used 1127K, capacity 1186K, committed 1280K, reserved 1048576K
}
Event: 0.665 GC heap before
{Heap before GC invocations=1 (full 0):
 garbage-first heap   total 131072K, used 50803K [0x0000000081c00000, 0x0000000100000000)
  region size 1024K, 46 young (47104K), 3 survivors (3072K)
 Metaspace       used 11955K, capacity 12167K, committed 12288K, reserved 1060864K
  class space    used 1159K, capacity 1229K, committed 1280K, reserved 1048576K
}
Event: 0.668 GC heap after
{Heap after GC invocations=2 (full 0):
 garbage-first heap   total 131072K, used 8003K [0x0000000081c00000, 0x0000000100000000)
  region size 1024K, 4 young (4096K), 4 survivors (4096K)
 Metaspace       used 11955K, capacity 12167K, committed 12288K, reserved 1060864K
  class space    used 1159K, capacity 1229K, committed 1280K, reserved 1048576K
}
Event: 1.255 GC heap before
{Heap before GC invocations=2 (full 0):
 garbage-first heap   total 131072K, used 43843K [0x0000000081c00000, 0x0000000100000000)
  region size 1024K, 41 young (41984K), 4 survivors (4096K)
 Metaspace       used 20617K, capacity 21121K, committed 21248K, reserved 1069056K
  class space    used 2295K, capacity 2475K, committed 2560K, reserved 1048576K
}
Event: 1.261 GC heap after
{Heap after GC invocations=3 (full 0):
 garbage-first heap   total 131072K, used 10352K [0x0000000081c00000, 0x0000000100000000)
  region size 1024K, 6 young (6144K), 6 survivors (6144K)
 Metaspace       used 20617K, capacity 21121K, committed 21248K, reserved 1069056K
  class space    used 2295K, capacity 2475K, committed 2560K, reserved 1048576K
}
Event: 1.753 GC heap before
{Heap before GC invocations=4 (full 0):
 garbage-first heap   total 131072K, used 66672K [0x0000000081c00000, 0x0000000100000000)
  region size 1024K, 62 young (63488K), 6 survivors (6144K)
 Metaspace       used 26791K, capacity 27393K, committed 27520K, reserved 1073152K
  class space    used 3094K, capacity 3329K, committed 3456K, reserved 1048576K
}
Event: 1.761 GC heap after
{Heap after GC invocations=5 (full 0):
 garbage-first heap   total 131072K, used 12522K [0x0000000081c00000, 0x0000000100000000)
  region size 1024K, 5 young (5120K), 5 survivors (5120K)
 Metaspace       used 26791K, capacity 27393K, committed 27520K, reserved 1073152K
  class space    used 3094K, capacity 3329K, committed 3456K, reserved 1048576K
}
Event: 2.341 GC heap before
{Heap before GC invocations=5 (full 0):
 garbage-first heap   total 131072K, used 81130K [0x0000000081c00000, 0x0000000100000000)
  region size 1024K, 73 young (74752K), 5 survivors (5120K)
 Metaspace       used 30267K, capacity 31049K, committed 31232K, reserved 1077248K
  class space    used 3549K, capacity 3840K, committed 3840K, reserved 1048576K
}
Event: 2.347 GC heap after
{Heap after GC invocations=6 (full 0):
 garbage-first heap   total 131072K, used 14027K [0x0000000081c00000, 0x0000000100000000)
  region size 1024K, 6 young (6144K), 6 survivors (6144K)
 Metaspace       used 30267K, capacity 31049K, committed 31232K, reserved 1077248K
  class space    used 3549K, capacity 3840K, committed 3840K, reserved 1048576K
}
Event: 3.204 GC heap before
{Heap before GC invocations=6 (full 0):
 garbage-first heap   total 131072K, used 50891K [0x0000000081c00000, 0x0000000100000000)
  region size 1024K, 43 young (44032K), 6 survivors (6144K)
 Metaspace       used 34815K, capacity 35689K, committed 35840K, reserved 1081344K
  class space    used 4158K, capacity 4507K, committed 4608K, reserved 1048576K
}
Event: 3.229 GC heap after
{Heap after GC invocations=7 (full 0):
 garbage-first heap   total 157696K, used 15524K [0x0000000081c00000, 0x0000000100000000)
  region size 1024K, 6 young (6144K), 6 survivors (6144K)
 Metaspace       used 34815K, capacity 35689K, committed 35840K, reserved 1081344K
  class space    used 4158K, capacity 4507K, committed 4608K, reserved 1048576K
}
Event: 4.300 GC heap before
{Heap before GC invocations=8 (full 0):
 garbage-first heap   total 157696K, used 94372K [0x0000000081c00000, 0x0000000100000000)
  region size 1024K, 84 young (86016K), 6 survivors (6144K)
 Metaspace       used 40714K, capacity 41840K, committed 41984K, reserved 1085440K
  class space    used 4869K, capacity 5332K, committed 5376K, reserved 1048576K
}
Event: 4.307 GC heap after
{Heap after GC invocations=9 (full 0):
 garbage-first heap   total 157696K, used 18400K [0x0000000081c00000, 0x0000000100000000)
  region size 1024K, 8 young (8192K), 8 survivors (8192K)
 Metaspace       used 40714K, capacity 41840K, committed 41984K, reserved 1085440K
  class space    used 4869K, capacity 5332K, committed 5376K, reserved 1048576K
}
Event: 4.968 GC heap before
{Heap before GC invocations=9 (full 0):
 garbage-first heap   total 157696K, used 103392K [0x0000000081c00000, 0x0000000100000000)
  region size 1024K, 92 young (94208K), 8 survivors (8192K)
 Metaspace       used 46602K, capacity 47837K, committed 48000K, reserved 1091584K
  class space    used 5770K, capacity 6263K, committed 6272K, reserved 1048576K
}
Event: 4.975 GC heap after
{Heap after GC invocations=10 (full 0):
 garbage-first heap   total 157696K, used 20395K [0x0000000081c00000, 0x0000000100000000)
  region size 1024K, 7 young (7168K), 7 survivors (7168K)
 Metaspace       used 46602K, capacity 47837K, committed 48000K, reserved 1091584K
  class space    used 5770K, capacity 6263K, committed 6272K, reserved 1048576K
}
Event: 16.474 GC heap before
{Heap before GC invocations=10 (full 0):
 garbage-first heap   total 157696K, used 92075K [0x0000000081c00000, 0x0000000100000000)
  region size 1024K, 78 young (79872K), 7 survivors (7168K)
 Metaspace       used 58839K, capacity 60102K, committed 60160K, reserved 1101824K
  class space    used 7275K, capacity 7763K, committed 7808K, reserved 1048576K
}
Event: 16.484 GC heap after
{Heap after GC invocations=11 (full 0):
 garbage-first heap   total 157696K, used 26784K [0x0000000081c00000, 0x0000000100000000)
  region size 1024K, 12 young (12288K), 12 survivors (12288K)
 Metaspace       used 58839K, capacity 60102K, committed 60160K, reserved 1101824K
  class space    used 7275K, capacity 7763K, committed 7808K, reserved 1048576K
}

