# JRE version: OpenJDK Runtime Environment AdoptOpenJDK (11.0.8+10) (build 11.0.8+10)
# Java VM: OpenJDK 64-Bit Server VM AdoptOpenJDK (11.0.8+10, mixed mode, tiered, compressed oops, g1 gc, windows-amd64)
Heap:
 garbage-first heap   total 99328K, used 71485K [0x0000000081c00000, 0x0000000100000000)
  region size 1024K, 34 young (34816K), 1 survivors (1024K)
 Metaspace       used 90089K, capacity 92689K, committed 92920K, reserved 1130496K
  class space    used 10778K, capacity 11724K, committed 11776K, reserved 1048576K
GC Heap History (20 events):
Event: 843.044 GC heap before
{Heap before GC invocations=61 (full 6):
 garbage-first heap   total 99328K, used 77961K [0x0000000081c00000, 0x0000000100000000)
  region size 1024K, 48 young (49152K), 0 survivors (0K)
 Metaspace       used 89125K, capacity 91742K, committed 91896K, reserved 1130496K
  class space    used 10736K, capacity 11673K, committed 11776K, reserved 1048576K
}
Event: 843.047 GC heap after
{Heap after GC invocations=62 (full 6):
 garbage-first heap   total 99328K, used 32739K [0x0000000081c00000, 0x0000000100000000)
  region size 1024K, 3 young (3072K), 3 survivors (3072K)
 Metaspace       used 89125K, capacity 91742K, committed 91896K, reserved 1130496K
  class space    used 10736K, capacity 11673K, committed 11776K, reserved 1048576K
}
Event: 843.414 GC heap before
{Heap before GC invocations=62 (full 6):
 garbage-first heap   total 99328K, used 77795K [0x0000000081c00000, 0x0000000100000000)
  region size 1024K, 48 young (49152K), 3 survivors (3072K)
 Metaspace       used 89193K, capacity 91742K, committed 91896K, reserved 1130496K
  class space    used 10739K, capacity 11673K, committed 11776K, reserved 1048576K
}
Event: 843.417 GC heap after
{Heap after GC invocations=63 (full 6):
 garbage-first heap   total 99328K, used 33574K [0x0000000081c00000, 0x0000000100000000)
  region size 1024K, 4 young (4096K), 4 survivors (4096K)
 Metaspace       used 89193K, capacity 91742K, committed 91896K, reserved 1130496K
  class space    used 10739K, capacity 11673K, committed 11776K, reserved 1048576K
}
Event: 843.617 GC heap before
{Heap before GC invocations=63 (full 6):
 garbage-first heap   total 99328K, used 78630K [0x0000000081c00000, 0x0000000100000000)
  region size 1024K, 48 young (49152K), 4 survivors (4096K)
 Metaspace       used 89596K, capacity 92170K, committed 92408K, reserved 1130496K
  class space    used 10761K, capacity 11707K, committed 11776K, reserved 1048576K
}
Event: 843.621 GC heap after
{Heap after GC invocations=64 (full 6):
 garbage-first heap   total 99328K, used 37949K [0x0000000081c00000, 0x0000000100000000)
  region size 1024K, 6 young (6144K), 6 survivors (6144K)
 Metaspace       used 89596K, capacity 92170K, committed 92408K, reserved 1130496K
  class space    used 10761K, capacity 11707K, committed 11776K, reserved 1048576K
}
Event: 849.722 GC heap before
{Heap before GC invocations=64 (full 6):
 garbage-first heap   total 99328K, used 77885K [0x0000000081c00000, 0x0000000100000000)
  region size 1024K, 45 young (46080K), 6 survivors (6144K)
 Metaspace       used 89750K, capacity 92308K, committed 92408K, reserved 1130496K
  class space    used 10769K, capacity 11708K, committed 11776K, reserved 1048576K
}
Event: 849.724 GC heap after
{Heap after GC invocations=65 (full 6):
 garbage-first heap   total 99328K, used 36936K [0x0000000081c00000, 0x0000000100000000)
  region size 1024K, 3 young (3072K), 3 survivors (3072K)
 Metaspace       used 89750K, capacity 92308K, committed 92408K, reserved 1130496K
  class space    used 10769K, capacity 11708K, committed 11776K, reserved 1048576K
}
Event: 872.131 GC heap before
{Heap before GC invocations=65 (full 6):
 garbage-first heap   total 99328K, used 77896K [0x0000000081c00000, 0x0000000100000000)
  region size 1024K, 43 young (44032K), 3 survivors (3072K)
 Metaspace       used 89750K, capacity 92308K, committed 92408K, reserved 1130496K
  class space    used 10769K, capacity 11708K, committed 11776K, reserved 1048576K
}
Event: 872.133 GC heap after
{Heap after GC invocations=66 (full 6):
 garbage-first heap   total 99328K, used 36616K [0x0000000081c00000, 0x0000000100000000)
  region size 1024K, 2 young (2048K), 2 survivors (2048K)
 Metaspace       used 89750K, capacity 92308K, committed 92408K, reserved 1130496K
  class space    used 10769K, capacity 11708K, committed 11776K, reserved 1048576K
}
Event: 896.917 GC heap before
{Heap before GC invocations=66 (full 6):
 garbage-first heap   total 99328K, used 79624K [0x0000000081c00000, 0x0000000100000000)
  region size 1024K, 44 young (45056K), 2 survivors (2048K)
 Metaspace       used 89751K, capacity 92308K, committed 92408K, reserved 1130496K
  class space    used 10769K, capacity 11708K, committed 11776K, reserved 1048576K
}
Event: 896.922 GC heap after
{Heap after GC invocations=67 (full 6):
 garbage-first heap   total 99328K, used 36915K [0x0000000081c00000, 0x0000000100000000)
  region size 1024K, 3 young (3072K), 3 survivors (3072K)
 Metaspace       used 89751K, capacity 92308K, committed 92408K, reserved 1130496K
  class space    used 10769K, capacity 11708K, committed 11776K, reserved 1048576K
}
Event: 919.125 GC heap before
{Heap before GC invocations=67 (full 6):
 garbage-first heap   total 99328K, used 79923K [0x0000000081c00000, 0x0000000100000000)
  region size 1024K, 45 young (46080K), 3 survivors (3072K)
 Metaspace       used 89751K, capacity 92308K, committed 92408K, reserved 1130496K
  class space    used 10769K, capacity 11708K, committed 11776K, reserved 1048576K
}
Event: 919.127 GC heap after
{Heap after GC invocations=68 (full 6):
 garbage-first heap   total 99328K, used 36968K [0x0000000081c00000, 0x0000000100000000)
  region size 1024K, 3 young (3072K), 3 survivors (3072K)
 Metaspace       used 89751K, capacity 92308K, committed 92408K, reserved 1130496K
  class space    used 10769K, capacity 11708K, committed 11776K, reserved 1048576K
}
Event: 936.759 GC heap before
{Heap before GC invocations=68 (full 6):
 garbage-first heap   total 99328K, used 78952K [0x0000000081c00000, 0x0000000100000000)
  region size 1024K, 45 young (46080K), 3 survivors (3072K)
 Metaspace       used 89858K, capacity 92445K, committed 92664K, reserved 1130496K
  class space    used 10770K, capacity 11710K, committed 11776K, reserved 1048576K
}
Event: 936.761 GC heap after
{Heap after GC invocations=69 (full 6):
 garbage-first heap   total 99328K, used 38917K [0x0000000081c00000, 0x0000000100000000)
  region size 1024K, 4 young (4096K), 4 survivors (4096K)
 Metaspace       used 89858K, capacity 92445K, committed 92664K, reserved 1130496K
  class space    used 10770K, capacity 11710K, committed 11776K, reserved 1048576K
}
Event: 954.618 GC heap before
{Heap before GC invocations=69 (full 6):
 garbage-first heap   total 99328K, used 80901K [0x0000000081c00000, 0x0000000100000000)
  region size 1024K, 45 young (46080K), 4 survivors (4096K)
 Metaspace       used 89986K, capacity 92594K, committed 92664K, reserved 1130496K
  class space    used 10773K, capacity 11715K, committed 11776K, reserved 1048576K
}
Event: 954.620 GC heap after
{Heap after GC invocations=70 (full 6):
 garbage-first heap   total 99328K, used 40057K [0x0000000081c00000, 0x0000000100000000)
  region size 1024K, 4 young (4096K), 4 survivors (4096K)
 Metaspace       used 89986K, capacity 92594K, committed 92664K, reserved 1130496K
  class space    used 10773K, capacity 11715K, committed 11776K, reserved 1048576K
}
Event: 974.974 GC heap before
{Heap before GC invocations=70 (full 6):
 garbage-first heap   total 99328K, used 78969K [0x0000000081c00000, 0x0000000100000000)
  region size 1024K, 43 young (44032K), 4 survivors (4096K)
 Metaspace       used 90020K, capacity 92603K, committed 92664K, reserved 1130496K
  class space    used 10775K, capacity 11718K, committed 11776K, reserved 1048576K
}
Event: 974.975 GC heap after
{Heap after GC invocations=71 (full 6):
 garbage-first heap   total 99328K, used 39741K [0x0000000081c00000, 0x0000000100000000)
  region size 1024K, 1 young (1024K), 1 survivors (1024K)
 Metaspace       used 90020K, capacity 92603K, committed 92664K, reserved 1130496K
  class space    used 10775K, capacity 11718K, committed 11776K, reserved 1048576K
}

