# JRE version: OpenJDK Runtime Environment AdoptOpenJDK (11.0.8+10) (build 11.0.8+10)
# Java VM: OpenJDK 64-Bit Server VM AdoptOpenJDK (11.0.8+10, mixed mode, tiered, compressed oops, g1 gc, windows-amd64)
Heap:
 garbage-first heap   total 193536K, used 92433K [0x0000000081c00000, 0x0000000100000000)
  region size 1024K, 73 young (74752K), 12 survivors (12288K)
 Metaspace       used 80503K, capacity 82444K, committed 82688K, reserved 1120256K
  class space    used 10192K, capacity 10952K, committed 11008K, reserved 1048576K
GC Heap History (20 events):
Event: 0.666 GC heap before
{Heap before GC invocations=1 (full 0):
 garbage-first heap   total 131072K, used 54179K [0x0000000081c00000, 0x0000000100000000)
  region size 1024K, 49 young (50176K), 3 survivors (3072K)
 Metaspace       used 13146K, capacity 13459K, committed 13568K, reserved 1060864K
  class space    used 1326K, capacity 1453K, committed 1536K, reserved 1048576K
}
Event: 0.678 GC heap after
{Heap after GC invocations=2 (full 0):
 garbage-first heap   total 131072K, used 8509K [0x0000000081c00000, 0x0000000100000000)
  region size 1024K, 4 young (4096K), 4 survivors (4096K)
 Metaspace       used 13146K, capacity 13459K, committed 13568K, reserved 1060864K
  class space    used 1326K, capacity 1453K, committed 1536K, reserved 1048576K
}
Event: 1.188 GC heap before
{Heap before GC invocations=2 (full 0):
 garbage-first heap   total 131072K, used 41277K [0x0000000081c00000, 0x0000000100000000)
  region size 1024K, 38 young (38912K), 4 survivors (4096K)
 Metaspace       used 20667K, capacity 21160K, committed 21248K, reserved 1069056K
  class space    used 2314K, capacity 2489K, committed 2560K, reserved 1048576K
}
Event: 1.194 GC heap after
{Heap after GC invocations=3 (full 0):
 garbage-first heap   total 131072K, used 10637K [0x0000000081c00000, 0x0000000100000000)
  region size 1024K, 6 young (6144K), 6 survivors (6144K)
 Metaspace       used 20667K, capacity 21160K, committed 21248K, reserved 1069056K
  class space    used 2314K, capacity 2489K, committed 2560K, reserved 1048576K
}
Event: 1.519 GC heap before
{Heap before GC invocations=4 (full 0):
 garbage-first heap   total 131072K, used 67981K [0x0000000081c00000, 0x0000000100000000)
  region size 1024K, 63 young (64512K), 6 survivors (6144K)
 Metaspace       used 26100K, capacity 26721K, committed 26880K, reserved 1073152K
  class space    used 3050K, capacity 3297K, committed 3328K, reserved 1048576K
}
Event: 1.526 GC heap after
{Heap after GC invocations=5 (full 0):
 garbage-first heap   total 131072K, used 12277K [0x0000000081c00000, 0x0000000100000000)
  region size 1024K, 5 young (5120K), 5 survivors (5120K)
 Metaspace       used 26100K, capacity 26721K, committed 26880K, reserved 1073152K
  class space    used 3050K, capacity 3297K, committed 3328K, reserved 1048576K
}
Event: 1.928 GC heap before
{Heap before GC invocations=5 (full 0):
 garbage-first heap   total 131072K, used 79861K [0x0000000081c00000, 0x0000000100000000)
  region size 1024K, 72 young (73728K), 5 survivors (5120K)
 Metaspace       used 30259K, capacity 30985K, committed 31232K, reserved 1077248K
  class space    used 3556K, capacity 3840K, committed 3840K, reserved 1048576K
}
Event: 1.932 GC heap after
{Heap after GC invocations=6 (full 0):
 garbage-first heap   total 160768K, used 13935K [0x0000000081c00000, 0x0000000100000000)
  region size 1024K, 6 young (6144K), 6 survivors (6144K)
 Metaspace       used 30259K, capacity 30985K, committed 31232K, reserved 1077248K
  class space    used 3556K, capacity 3840K, committed 3840K, reserved 1048576K
}
Event: 2.668 GC heap before
{Heap before GC invocations=6 (full 0):
 garbage-first heap   total 160768K, used 50799K [0x0000000081c00000, 0x0000000100000000)
  region size 1024K, 43 young (44032K), 6 survivors (6144K)
 Metaspace       used 34806K, capacity 35686K, committed 35840K, reserved 1081344K
  class space    used 4162K, capacity 4507K, committed 4608K, reserved 1048576K
}
Event: 2.678 GC heap after
{Heap after GC invocations=7 (full 0):
 garbage-first heap   total 160768K, used 15502K [0x0000000081c00000, 0x0000000100000000)
  region size 1024K, 8 young (8192K), 8 survivors (8192K)
 Metaspace       used 34806K, capacity 35686K, committed 35840K, reserved 1081344K
  class space    used 4162K, capacity 4507K, committed 4608K, reserved 1048576K
}
Event: 3.962 GC heap before
{Heap before GC invocations=8 (full 0):
 garbage-first heap   total 160768K, used 92302K [0x0000000081c00000, 0x0000000100000000)
  region size 1024K, 84 young (86016K), 8 survivors (8192K)
 Metaspace       used 40701K, capacity 41838K, committed 41984K, reserved 1085440K
  class space    used 4870K, capacity 5332K, committed 5376K, reserved 1048576K
}
Event: 3.969 GC heap after
{Heap after GC invocations=9 (full 0):
 garbage-first heap   total 160768K, used 18547K [0x0000000081c00000, 0x0000000100000000)
  region size 1024K, 9 young (9216K), 9 survivors (9216K)
 Metaspace       used 40701K, capacity 41838K, committed 41984K, reserved 1085440K
  class space    used 4870K, capacity 5332K, committed 5376K, reserved 1048576K
}
Event: 4.514 GC heap before
{Heap before GC invocations=9 (full 0):
 garbage-first heap   total 160768K, used 104563K [0x0000000081c00000, 0x0000000100000000)
  region size 1024K, 94 young (96256K), 9 survivors (9216K)
 Metaspace       used 46526K, capacity 47765K, committed 48000K, reserved 1091584K
  class space    used 5759K, capacity 6261K, committed 6272K, reserved 1048576K
}
Event: 4.521 GC heap after
{Heap after GC invocations=10 (full 0):
 garbage-first heap   total 160768K, used 20605K [0x0000000081c00000, 0x0000000100000000)
  region size 1024K, 8 young (8192K), 8 survivors (8192K)
 Metaspace       used 46526K, capacity 47765K, committed 48000K, reserved 1091584K
  class space    used 5759K, capacity 6261K, committed 6272K, reserved 1048576K
}
Event: 5.310 GC heap before
{Heap before GC invocations=10 (full 0):
 garbage-first heap   total 160768K, used 93309K [0x0000000081c00000, 0x0000000100000000)
  region size 1024K, 80 young (81920K), 8 survivors (8192K)
 Metaspace       used 58827K, capacity 60100K, committed 60160K, reserved 1101824K
  class space    used 7276K, capacity 7763K, committed 7808K, reserved 1048576K
}
Event: 5.325 GC heap after
{Heap after GC invocations=11 (full 0):
 garbage-first heap   total 193536K, used 26453K [0x0000000081c00000, 0x0000000100000000)
  region size 1024K, 11 young (11264K), 11 survivors (11264K)
 Metaspace       used 58827K, capacity 60100K, committed 60160K, reserved 1101824K
  class space    used 7276K, capacity 7763K, committed 7808K, reserved 1048576K
}
Event: 6.544 GC heap before
{Heap before GC invocations=12 (full 0):
 garbage-first heap   total 193536K, used 130901K [0x0000000081c00000, 0x0000000100000000)
  region size 1024K, 113 young (115712K), 11 survivors (11264K)
 Metaspace       used 69887K, capacity 71608K, committed 71808K, reserved 1112064K
  class space    used 8860K, capacity 9489K, committed 9600K, reserved 1048576K
}
Event: 6.553 GC heap after
{Heap after GC invocations=13 (full 0):
 garbage-first heap   total 193536K, used 27801K [0x0000000081c00000, 0x0000000100000000)
  region size 1024K, 10 young (10240K), 10 survivors (10240K)
 Metaspace       used 69887K, capacity 71608K, committed 71808K, reserved 1112064K
  class space    used 8860K, capacity 9489K, committed 9600K, reserved 1048576K
}
Event: 30.374 GC heap before
{Heap before GC invocations=13 (full 0):
 garbage-first heap   total 193536K, used 133273K [0x0000000081c00000, 0x0000000100000000)
  region size 1024K, 113 young (115712K), 10 survivors (10240K)
 Metaspace       used 75449K, capacity 77357K, committed 77440K, reserved 1116160K
  class space    used 9627K, capacity 10324K, committed 10368K, reserved 1048576K
}
Event: 30.381 GC heap after
{Heap after GC invocations=14 (full 0):
 garbage-first heap   total 193536K, used 32017K [0x0000000081c00000, 0x0000000100000000)
  region size 1024K, 12 young (12288K), 12 survivors (12288K)
 Metaspace       used 75449K, capacity 77357K, committed 77440K, reserved 1116160K
  class space    used 9627K, capacity 10324K, committed 10368K, reserved 1048576K
}

