# JRE version: OpenJDK Runtime Environment AdoptOpenJDK (11.0.8+10) (build 11.0.8+10)
# Java VM: OpenJDK 64-Bit Server VM AdoptOpenJDK (11.0.8+10, mixed mode, tiered, compressed oops, g1 gc, windows-amd64)
Heap:
 garbage-first heap   total 189440K, used 101738K [0x0000000081c00000, 0x0000000100000000)
  region size 1024K, 80 young (81920K), 7 survivors (7168K)
 Metaspace       used 75355K, capacity 77297K, committed 77568K, reserved 1116160K
  class space    used 9443K, capacity 10162K, committed 10240K, reserved 1048576K
GC Heap History (20 events):
Event: 1.310 GC heap before
{Heap before GC invocations=2 (full 0):
 garbage-first heap   total 131072K, used 60124K [0x0000000081c00000, 0x0000000100000000)
  region size 1024K, 52 young (53248K), 1 survivors (1024K)
 Metaspace       used 17368K, capacity 17849K, committed 17920K, reserved 1064960K
  class space    used 1832K, capacity 1983K, committed 2048K, reserved 1048576K
}
Event: 1.314 GC heap after
{Heap after GC invocations=3 (full 0):
 garbage-first heap   total 131072K, used 10275K [0x0000000081c00000, 0x0000000100000000)
  region size 1024K, 2 young (2048K), 2 survivors (2048K)
 Metaspace       used 17368K, capacity 17849K, committed 17920K, reserved 1064960K
  class space    used 1832K, capacity 1983K, committed 2048K, reserved 1048576K
}
Event: 1.537 GC heap before
{Heap before GC invocations=3 (full 0):
 garbage-first heap   total 131072K, used 29731K [0x0000000081c00000, 0x0000000100000000)
  region size 1024K, 23 young (23552K), 2 survivors (2048K)
 Metaspace       used 20687K, capacity 21182K, committed 21248K, reserved 1069056K
  class space    used 2308K, capacity 2514K, committed 2560K, reserved 1048576K
}
Event: 1.540 GC heap after
{Heap after GC invocations=4 (full 0):
 garbage-first heap   total 131072K, used 11050K [0x0000000081c00000, 0x0000000100000000)
  region size 1024K, 3 young (3072K), 3 survivors (3072K)
 Metaspace       used 20687K, capacity 21182K, committed 21248K, reserved 1069056K
  class space    used 2308K, capacity 2514K, committed 2560K, reserved 1048576K
}
Event: 2.018 GC heap before
{Heap before GC invocations=5 (full 0):
 garbage-first heap   total 131072K, used 72490K [0x0000000081c00000, 0x0000000100000000)
  region size 1024K, 64 young (65536K), 3 survivors (3072K)
 Metaspace       used 27077K, capacity 27752K, committed 28032K, reserved 1073152K
  class space    used 3126K, capacity 3398K, committed 3456K, reserved 1048576K
}
Event: 2.027 GC heap after
{Heap after GC invocations=6 (full 0):
 garbage-first heap   total 157696K, used 13036K [0x0000000081c00000, 0x0000000100000000)
  region size 1024K, 5 young (5120K), 5 survivors (5120K)
 Metaspace       used 27077K, capacity 27752K, committed 28032K, reserved 1073152K
  class space    used 3126K, capacity 3398K, committed 3456K, reserved 1048576K
}
Event: 2.355 GC heap before
{Heap before GC invocations=6 (full 0):
 garbage-first heap   total 157696K, used 88812K [0x0000000081c00000, 0x0000000100000000)
  region size 1024K, 80 young (81920K), 5 survivors (5120K)
 Metaspace       used 30373K, capacity 31142K, committed 31360K, reserved 1077248K
  class space    used 3548K, capacity 3849K, committed 3968K, reserved 1048576K
}
Event: 2.359 GC heap after
{Heap after GC invocations=7 (full 0):
 garbage-first heap   total 157696K, used 14559K [0x0000000081c00000, 0x0000000100000000)
  region size 1024K, 6 young (6144K), 6 survivors (6144K)
 Metaspace       used 30373K, capacity 31142K, committed 31360K, reserved 1077248K
  class space    used 3548K, capacity 3849K, committed 3968K, reserved 1048576K
}
Event: 3.247 GC heap before
{Heap before GC invocations=7 (full 0):
 garbage-first heap   total 157696K, used 69855K [0x0000000081c00000, 0x0000000100000000)
  region size 1024K, 61 young (62464K), 6 survivors (6144K)
 Metaspace       used 34912K, capacity 35775K, committed 35840K, reserved 1081344K
  class space    used 4132K, capacity 4464K, committed 4480K, reserved 1048576K
}
Event: 3.264 GC heap after
{Heap after GC invocations=8 (full 0):
 garbage-first heap   total 157696K, used 16260K [0x0000000081c00000, 0x0000000100000000)
  region size 1024K, 8 young (8192K), 8 survivors (8192K)
 Metaspace       used 34912K, capacity 35775K, committed 35840K, reserved 1081344K
  class space    used 4132K, capacity 4464K, committed 4480K, reserved 1048576K
}
Event: 4.560 GC heap before
{Heap before GC invocations=9 (full 0):
 garbage-first heap   total 157696K, used 101252K [0x0000000081c00000, 0x0000000100000000)
  region size 1024K, 92 young (94208K), 8 survivors (8192K)
 Metaspace       used 41673K, capacity 42837K, committed 43136K, reserved 1087488K
  class space    used 4944K, capacity 5377K, committed 5504K, reserved 1048576K
}
Event: 4.570 GC heap after
{Heap after GC invocations=10 (full 0):
 garbage-first heap   total 157696K, used 19519K [0x0000000081c00000, 0x0000000100000000)
  region size 1024K, 10 young (10240K), 10 survivors (10240K)
 Metaspace       used 41673K, capacity 42837K, committed 43136K, reserved 1087488K
  class space    used 4944K, capacity 5377K, committed 5504K, reserved 1048576K
}
Event: 5.114 GC heap before
{Heap before GC invocations=10 (full 0):
 garbage-first heap   total 157696K, used 102463K [0x0000000081c00000, 0x0000000100000000)
  region size 1024K, 92 young (94208K), 10 survivors (10240K)
 Metaspace       used 45436K, capacity 46774K, committed 46976K, reserved 1089536K
  class space    used 5416K, capacity 5921K, committed 6016K, reserved 1048576K
}
Event: 5.125 GC heap after
{Heap after GC invocations=11 (full 0):
 garbage-first heap   total 157696K, used 21569K [0x0000000081c00000, 0x0000000100000000)
  region size 1024K, 8 young (8192K), 8 survivors (8192K)
 Metaspace       used 45436K, capacity 46774K, committed 46976K, reserved 1089536K
  class space    used 5416K, capacity 5921K, committed 6016K, reserved 1048576K
}
Event: 6.166 GC heap before
{Heap before GC invocations=11 (full 0):
 garbage-first heap   total 157696K, used 107585K [0x0000000081c00000, 0x0000000100000000)
  region size 1024K, 92 young (94208K), 8 survivors (8192K)
 Metaspace       used 57698K, capacity 58993K, committed 59264K, reserved 1101824K
  class space    used 7027K, capacity 7512K, committed 7552K, reserved 1048576K
}
Event: 6.177 GC heap after
{Heap after GC invocations=12 (full 0):
 garbage-first heap   total 189440K, used 27203K [0x0000000081c00000, 0x0000000100000000)
  region size 1024K, 12 young (12288K), 12 survivors (12288K)
 Metaspace       used 57698K, capacity 58993K, committed 59264K, reserved 1101824K
  class space    used 7027K, capacity 7512K, committed 7552K, reserved 1048576K
}
Event: 6.329 GC heap before
{Heap before GC invocations=12 (full 0):
 garbage-first heap   total 189440K, used 37443K [0x0000000081c00000, 0x0000000100000000)
  region size 1024K, 23 young (23552K), 12 survivors (12288K)
 Metaspace       used 58837K, capacity 60128K, committed 60160K, reserved 1101824K
  class space    used 7152K, capacity 7655K, committed 7680K, reserved 1048576K
}
Event: 6.340 GC heap after
{Heap after GC invocations=13 (full 0):
 garbage-first heap   total 189440K, used 24741K [0x0000000081c00000, 0x0000000100000000)
  region size 1024K, 4 young (4096K), 4 survivors (4096K)
 Metaspace       used 58837K, capacity 60128K, committed 60160K, reserved 1101824K
  class space    used 7152K, capacity 7655K, committed 7680K, reserved 1048576K
}
Event: 7.681 GC heap before
{Heap before GC invocations=14 (full 0):
 garbage-first heap   total 189440K, used 134309K [0x0000000081c00000, 0x0000000100000000)
  region size 1024K, 111 young (113664K), 4 survivors (4096K)
 Metaspace       used 70797K, capacity 72474K, committed 72704K, reserved 1112064K
  class space    used 8810K, capacity 9445K, committed 9472K, reserved 1048576K
}
Event: 7.687 GC heap after
{Heap after GC invocations=15 (full 0):
 garbage-first heap   total 189440K, used 28010K [0x0000000081c00000, 0x0000000100000000)
  region size 1024K, 7 young (7168K), 7 survivors (7168K)
 Metaspace       used 70797K, capacity 72474K, committed 72704K, reserved 1112064K
  class space    used 8810K, capacity 9445K, committed 9472K, reserved 1048576K
}

