# JRE version: OpenJDK Runtime Environment AdoptOpenJDK (11.0.8+10) (build 11.0.8+10)
# Java VM: OpenJDK 64-Bit Server VM AdoptOpenJDK (11.0.8+10, mixed mode, tiered, compressed oops, g1 gc, windows-amd64)
Heap:
 garbage-first heap   total 157696K, used 20423K [0x0000000081c00000, 0x0000000100000000)
  region size 1024K, 5 young (5120K), 5 survivors (5120K)
 Metaspace       used 40710K, capacity 42099K, committed 42364K, reserved 1085440K
  class space    used 5204K, capacity 5793K, committed 5836K, reserved 1048576K
GC Heap History (15 events):
Event: 1.884 GC heap before
{Heap before GC invocations=0 (full 0):
 garbage-first heap   total 131072K, used 24576K [0x0000000081c00000, 0x0000000100000000)
  region size 1024K, 24 young (24576K), 0 survivors (0K)
 Metaspace       used 14271K, capacity 14628K, committed 14848K, reserved 1062912K
  class space    used 1505K, capacity 1667K, committed 1792K, reserved 1048576K
}
Event: 1.905 GC heap after
{Heap after GC invocations=1 (full 0):
 garbage-first heap   total 131072K, used 8625K [0x0000000081c00000, 0x0000000100000000)
  region size 1024K, 3 young (3072K), 3 survivors (3072K)
 Metaspace       used 14271K, capacity 14628K, committed 14848K, reserved 1062912K
  class space    used 1505K, capacity 1667K, committed 1792K, reserved 1048576K
}
Event: 2.727 GC heap before
{Heap before GC invocations=1 (full 0):
 garbage-first heap   total 131072K, used 80305K [0x0000000081c00000, 0x0000000100000000)
  region size 1024K, 75 young (76800K), 3 survivors (3072K)
 Metaspace       used 20528K, capacity 21181K, committed 21296K, reserved 1069056K
  class space    used 2398K, capacity 2667K, committed 2688K, reserved 1048576K
}
Event: 2.736 GC heap after
{Heap after GC invocations=2 (full 0):
 garbage-first heap   total 131072K, used 10919K [0x0000000081c00000, 0x0000000100000000)
  region size 1024K, 6 young (6144K), 6 survivors (6144K)
 Metaspace       used 20528K, capacity 21181K, committed 21296K, reserved 1069056K
  class space    used 2398K, capacity 2667K, committed 2688K, reserved 1048576K
}
Event: 2.937 GC heap before
{Heap before GC invocations=3 (full 0):
 garbage-first heap   total 131072K, used 31399K [0x0000000081c00000, 0x0000000100000000)
  region size 1024K, 26 young (26624K), 6 survivors (6144K)
 Metaspace       used 22942K, capacity 23677K, committed 23804K, reserved 1071104K
  class space    used 2785K, capacity 3069K, committed 3148K, reserved 1048576K
}
Event: 2.945 GC heap after
{Heap after GC invocations=4 (full 0):
 garbage-first heap   total 131072K, used 11519K [0x0000000081c00000, 0x0000000100000000)
  region size 1024K, 3 young (3072K), 3 survivors (3072K)
 Metaspace       used 22942K, capacity 23677K, committed 23804K, reserved 1071104K
  class space    used 2785K, capacity 3069K, committed 3148K, reserved 1048576K
}
Event: 3.368 GC heap before
{Heap before GC invocations=4 (full 0):
 garbage-first heap   total 131072K, used 85247K [0x0000000081c00000, 0x0000000100000000)
  region size 1024K, 76 young (77824K), 3 survivors (3072K)
 Metaspace       used 27286K, capacity 28179K, committed 28284K, reserved 1073152K
  class space    used 3380K, capacity 3720K, committed 3788K, reserved 1048576K
}
Event: 3.372 GC heap after
{Heap after GC invocations=5 (full 0):
 garbage-first heap   total 131072K, used 13073K [0x0000000081c00000, 0x0000000100000000)
  region size 1024K, 5 young (5120K), 5 survivors (5120K)
 Metaspace       used 27286K, capacity 28179K, committed 28284K, reserved 1073152K
  class space    used 3380K, capacity 3720K, committed 3788K, reserved 1048576K
}
Event: 4.256 GC heap before
{Heap before GC invocations=5 (full 0):
 garbage-first heap   total 131072K, used 84753K [0x0000000081c00000, 0x0000000100000000)
  region size 1024K, 76 young (77824K), 5 survivors (5120K)
 Metaspace       used 32476K, capacity 33647K, committed 33788K, reserved 1079296K
  class space    used 4143K, capacity 4582K, committed 4684K, reserved 1048576K
}
Event: 4.261 GC heap after
{Heap after GC invocations=6 (full 0):
 garbage-first heap   total 131072K, used 15645K [0x0000000081c00000, 0x0000000100000000)
  region size 1024K, 7 young (7168K), 7 survivors (7168K)
 Metaspace       used 32476K, capacity 33647K, committed 33788K, reserved 1079296K
  class space    used 4143K, capacity 4582K, committed 4684K, reserved 1048576K
}
Event: 4.505 GC heap before
{Heap before GC invocations=6 (full 0):
 garbage-first heap   total 131072K, used 34077K [0x0000000081c00000, 0x0000000100000000)
  region size 1024K, 26 young (26624K), 7 survivors (7168K)
 Metaspace       used 34537K, capacity 35905K, committed 35964K, reserved 1081344K
  class space    used 4488K, capacity 5030K, committed 5068K, reserved 1048576K
}
Event: 4.523 GC heap after
{Heap after GC invocations=7 (full 0):
 garbage-first heap   total 131072K, used 17556K [0x0000000081c00000, 0x0000000100000000)
  region size 1024K, 7 young (7168K), 7 survivors (7168K)
 Metaspace       used 34537K, capacity 35905K, committed 35964K, reserved 1081344K
  class space    used 4488K, capacity 5030K, committed 5068K, reserved 1048576K
}
Event: 4.832 GC heap before
{Heap before GC invocations=8 (full 0):
 garbage-first heap   total 131072K, used 81044K [0x0000000081c00000, 0x0000000100000000)
  region size 1024K, 70 young (71680K), 7 survivors (7168K)
 Metaspace       used 37350K, capacity 38763K, committed 39036K, reserved 1083392K
  class space    used 4753K, capacity 5300K, committed 5324K, reserved 1048576K
}
Event: 4.838 GC heap after
{Heap after GC invocations=9 (full 0):
 garbage-first heap   total 131072K, used 18819K [0x0000000081c00000, 0x0000000100000000)
  region size 1024K, 7 young (7168K), 7 survivors (7168K)
 Metaspace       used 37350K, capacity 38763K, committed 39036K, reserved 1083392K
  class space    used 4753K, capacity 5300K, committed 5324K, reserved 1048576K
}
Event: 5.185 GC heap before
{Heap before GC invocations=9 (full 0):
 garbage-first heap   total 131072K, used 84355K [0x0000000081c00000, 0x0000000100000000)
  region size 1024K, 72 young (73728K), 7 survivors (7168K)
 Metaspace       used 40710K, capacity 42099K, committed 42364K, reserved 1085440K
  class space    used 5204K, capacity 5793K, committed 5836K, reserved 1048576K
}

