# JRE version: OpenJDK Runtime Environment AdoptOpenJDK (11.0.8+10) (build 11.0.8+10)
# Java VM: OpenJDK 64-Bit Server VM AdoptOpenJDK (11.0.8+10, mixed mode, tiered, compressed oops, g1 gc, windows-amd64)
Heap:
 garbage-first heap   total 189440K, used 124677K [0x0000000081c00000, 0x0000000100000000)
  region size 1024K, 92 young (94208K), 5 survivors (5120K)
 Metaspace       used 87330K, capacity 89492K, committed 89600K, reserved 1128448K
  class space    used 10631K, capacity 11453K, committed 11520K, reserved 1048576K
GC Heap History (20 events):
Event: 6.237 GC heap before
{Heap before GC invocations=11 (full 0):
 garbage-first heap   total 157696K, used 44229K [0x0000000081c00000, 0x0000000100000000)
  region size 1024K, 29 young (29696K), 11 survivors (11264K)
 Metaspace       used 58773K, capacity 60096K, committed 60160K, reserved 1101824K
  class space    used 7143K, capacity 7623K, committed 7680K, reserved 1048576K
}
Event: 6.245 GC heap after
{Heap after GC invocations=12 (full 0):
 garbage-first heap   total 189440K, used 24971K [0x0000000081c00000, 0x0000000100000000)
  region size 1024K, 4 young (4096K), 4 survivors (4096K)
 Metaspace       used 58773K, capacity 60096K, committed 60160K, reserved 1101824K
  class space    used 7143K, capacity 7623K, committed 7680K, reserved 1048576K
}
Event: 7.613 GC heap before
{Heap before GC invocations=13 (full 0):
 garbage-first heap   total 189440K, used 134539K [0x0000000081c00000, 0x0000000100000000)
  region size 1024K, 111 young (113664K), 4 survivors (4096K)
 Metaspace       used 70774K, capacity 72476K, committed 72704K, reserved 1112064K
  class space    used 8801K, capacity 9445K, committed 9472K, reserved 1048576K
}
Event: 7.623 GC heap after
{Heap after GC invocations=14 (full 0):
 garbage-first heap   total 189440K, used 27798K [0x0000000081c00000, 0x0000000100000000)
  region size 1024K, 7 young (7168K), 7 survivors (7168K)
 Metaspace       used 70774K, capacity 72476K, committed 72704K, reserved 1112064K
  class space    used 8801K, capacity 9445K, committed 9472K, reserved 1048576K
}
Event: 10.310 GC heap before
{Heap before GC invocations=14 (full 0):
 garbage-first heap   total 189440K, used 134294K [0x0000000081c00000, 0x0000000100000000)
  region size 1024K, 111 young (113664K), 7 survivors (7168K)
 Metaspace       used 77960K, capacity 79894K, committed 80256K, reserved 1118208K
  class space    used 9778K, capacity 10507K, committed 10624K, reserved 1048576K
}
Event: 10.318 GC heap after
{Heap after GC invocations=15 (full 0):
 garbage-first heap   total 189440K, used 33311K [0x0000000081c00000, 0x0000000100000000)
  region size 1024K, 13 young (13312K), 13 survivors (13312K)
 Metaspace       used 77960K, capacity 79894K, committed 80256K, reserved 1118208K
  class space    used 9778K, capacity 10507K, committed 10624K, reserved 1048576K
}
Event: 32.862 GC heap before
{Heap before GC invocations=15 (full 0):
 garbage-first heap   total 189440K, used 132639K [0x0000000081c00000, 0x0000000100000000)
  region size 1024K, 111 young (113664K), 13 survivors (13312K)
 Metaspace       used 84447K, capacity 86521K, committed 86656K, reserved 1124352K
  class space    used 10505K, capacity 11283K, committed 11392K, reserved 1048576K
}
Event: 32.874 GC heap after
{Heap after GC invocations=16 (full 0):
 garbage-first heap   total 189440K, used 37955K [0x0000000081c00000, 0x0000000100000000)
  region size 1024K, 11 young (11264K), 11 survivors (11264K)
 Metaspace       used 84447K, capacity 86521K, committed 86656K, reserved 1124352K
  class space    used 10505K, capacity 11283K, committed 11392K, reserved 1048576K
}
Event: 62.453 GC heap before
{Heap before GC invocations=16 (full 0):
 garbage-first heap   total 189440K, used 140355K [0x0000000081c00000, 0x0000000100000000)
  region size 1024K, 111 young (113664K), 11 survivors (11264K)
 Metaspace       used 86250K, capacity 88393K, committed 88576K, reserved 1126400K
  class space    used 10619K, capacity 11413K, committed 11520K, reserved 1048576K
}
Event: 62.461 GC heap after
{Heap after GC invocations=17 (full 0):
 garbage-first heap   total 189440K, used 37860K [0x0000000081c00000, 0x0000000100000000)
  region size 1024K, 5 young (5120K), 5 survivors (5120K)
 Metaspace       used 86250K, capacity 88393K, committed 88576K, reserved 1126400K
  class space    used 10619K, capacity 11413K, committed 11520K, reserved 1048576K
}
Event: 116.261 GC heap before
{Heap before GC invocations=17 (full 0):
 garbage-first heap   total 189440K, used 146404K [0x0000000081c00000, 0x0000000100000000)
  region size 1024K, 111 young (113664K), 5 survivors (5120K)
 Metaspace       used 86263K, capacity 88393K, committed 88576K, reserved 1126400K
  class space    used 10620K, capacity 11413K, committed 11520K, reserved 1048576K
}
Event: 116.265 GC heap after
{Heap after GC invocations=18 (full 0):
 garbage-first heap   total 189440K, used 37860K [0x0000000081c00000, 0x0000000100000000)
  region size 1024K, 5 young (5120K), 5 survivors (5120K)
 Metaspace       used 86263K, capacity 88393K, committed 88576K, reserved 1126400K
  class space    used 10620K, capacity 11413K, committed 11520K, reserved 1048576K
}
Event: 171.556 GC heap before
{Heap before GC invocations=18 (full 0):
 garbage-first heap   total 189440K, used 146404K [0x0000000081c00000, 0x0000000100000000)
  region size 1024K, 111 young (113664K), 5 survivors (5120K)
 Metaspace       used 86274K, capacity 88393K, committed 88576K, reserved 1126400K
  class space    used 10620K, capacity 11413K, committed 11520K, reserved 1048576K
}
Event: 171.559 GC heap after
{Heap after GC invocations=19 (full 0):
 garbage-first heap   total 189440K, used 37680K [0x0000000081c00000, 0x0000000100000000)
  region size 1024K, 5 young (5120K), 5 survivors (5120K)
 Metaspace       used 86274K, capacity 88393K, committed 88576K, reserved 1126400K
  class space    used 10620K, capacity 11413K, committed 11520K, reserved 1048576K
}
Event: 219.282 GC heap before
{Heap before GC invocations=19 (full 0):
 garbage-first heap   total 189440K, used 145200K [0x0000000081c00000, 0x0000000100000000)
  region size 1024K, 111 young (113664K), 5 survivors (5120K)
 Metaspace       used 86525K, capacity 88667K, committed 88832K, reserved 1126400K
  class space    used 10625K, capacity 11416K, committed 11520K, reserved 1048576K
}
Event: 219.286 GC heap after
{Heap after GC invocations=20 (full 0):
 garbage-first heap   total 189440K, used 37393K [0x0000000081c00000, 0x0000000100000000)
  region size 1024K, 5 young (5120K), 5 survivors (5120K)
 Metaspace       used 86525K, capacity 88667K, committed 88832K, reserved 1126400K
  class space    used 10625K, capacity 11416K, committed 11520K, reserved 1048576K
}
Event: 261.506 GC heap before
{Heap before GC invocations=20 (full 0):
 garbage-first heap   total 189440K, used 145937K [0x0000000081c00000, 0x0000000100000000)
  region size 1024K, 111 young (113664K), 5 survivors (5120K)
 Metaspace       used 86914K, capacity 89063K, committed 89344K, reserved 1126400K
  class space    used 10627K, capacity 11418K, committed 11520K, reserved 1048576K
}
Event: 261.510 GC heap after
{Heap after GC invocations=21 (full 0):
 garbage-first heap   total 189440K, used 38075K [0x0000000081c00000, 0x0000000100000000)
  region size 1024K, 6 young (6144K), 6 survivors (6144K)
 Metaspace       used 86914K, capacity 89063K, committed 89344K, reserved 1126400K
  class space    used 10627K, capacity 11418K, committed 11520K, reserved 1048576K
}
Event: 318.100 GC heap before
{Heap before GC invocations=21 (full 0):
 garbage-first heap   total 189440K, used 145595K [0x0000000081c00000, 0x0000000100000000)
  region size 1024K, 111 young (113664K), 6 survivors (6144K)
 Metaspace       used 86922K, capacity 89063K, committed 89344K, reserved 1126400K
  class space    used 10627K, capacity 11418K, committed 11520K, reserved 1048576K
}
Event: 318.104 GC heap after
{Heap after GC invocations=22 (full 0):
 garbage-first heap   total 189440K, used 37637K [0x0000000081c00000, 0x0000000100000000)
  region size 1024K, 5 young (5120K), 5 survivors (5120K)
 Metaspace       used 86922K, capacity 89063K, committed 89344K, reserved 1126400K
  class space    used 10627K, capacity 11418K, committed 11520K, reserved 1048576K
}

