# JRE version: OpenJDK Runtime Environment AdoptOpenJDK (11.0.8+10) (build 11.0.8+10)
# Java VM: OpenJDK 64-Bit Server VM AdoptOpenJDK (11.0.8+10, mixed mode, tiered, compressed oops, g1 gc, windows-amd64)
Heap:
 garbage-first heap   total 191488K, used 128330K [0x0000000081c00000, 0x0000000100000000)
  region size 1024K, 106 young (108544K), 12 survivors (12288K)
 Metaspace       used 84280K, capacity 86258K, committed 86348K, reserved 1124352K
  class space    used 10536K, capacity 11302K, committed 11340K, reserved 1048576K
GC Heap History (20 events):
Event: 1.388 GC heap before
{Heap before GC invocations=3 (full 0):
 garbage-first heap   total 131072K, used 28324K [0x0000000081c00000, 0x0000000100000000)
  region size 1024K, 20 young (20480K), 2 survivors (2048K)
 Metaspace       used 20584K, capacity 21071K, committed 21248K, reserved 1069056K
  class space    used 2252K, capacity 2439K, committed 2560K, reserved 1048576K
}
Event: 1.392 GC heap after
{Heap after GC invocations=4 (full 0):
 garbage-first heap   total 131072K, used 11813K [0x0000000081c00000, 0x0000000100000000)
  region size 1024K, 3 young (3072K), 3 survivors (3072K)
 Metaspace       used 20584K, capacity 21071K, committed 21248K, reserved 1069056K
  class space    used 2252K, capacity 2439K, committed 2560K, reserved 1048576K
}
Event: 1.840 GC heap before
{Heap before GC invocations=5 (full 0):
 garbage-first heap   total 131072K, used 71205K [0x0000000081c00000, 0x0000000100000000)
  region size 1024K, 62 young (63488K), 3 survivors (3072K)
 Metaspace       used 26627K, capacity 27312K, committed 27520K, reserved 1073152K
  class space    used 3102K, capacity 3363K, committed 3456K, reserved 1048576K
}
Event: 1.847 GC heap after
{Heap after GC invocations=6 (full 0):
 garbage-first heap   total 131072K, used 13797K [0x0000000081c00000, 0x0000000100000000)
  region size 1024K, 5 young (5120K), 5 survivors (5120K)
 Metaspace       used 26627K, capacity 27312K, committed 27520K, reserved 1073152K
  class space    used 3102K, capacity 3363K, committed 3456K, reserved 1048576K
}
Event: 1.978 GC heap before
{Heap before GC invocations=6 (full 0):
 garbage-first heap   total 131072K, used 77285K [0x0000000081c00000, 0x0000000100000000)
  region size 1024K, 68 young (69632K), 5 survivors (5120K)
 Metaspace       used 29428K, capacity 30052K, committed 30336K, reserved 1075200K
  class space    used 3404K, capacity 3659K, committed 3712K, reserved 1048576K
}
Event: 1.983 GC heap after
{Heap after GC invocations=7 (full 0):
 garbage-first heap   total 157696K, used 14753K [0x0000000081c00000, 0x0000000100000000)
  region size 1024K, 6 young (6144K), 6 survivors (6144K)
 Metaspace       used 29428K, capacity 30052K, committed 30336K, reserved 1075200K
  class space    used 3404K, capacity 3659K, committed 3712K, reserved 1048576K
}
Event: 2.755 GC heap before
{Heap before GC invocations=7 (full 0):
 garbage-first heap   total 157696K, used 90529K [0x0000000081c00000, 0x0000000100000000)
  region size 1024K, 81 young (82944K), 6 survivors (6144K)
 Metaspace       used 34974K, capacity 35824K, committed 35840K, reserved 1081344K
  class space    used 4139K, capacity 4466K, committed 4480K, reserved 1048576K
}
Event: 2.768 GC heap after
{Heap after GC invocations=8 (full 0):
 garbage-first heap   total 157696K, used 17007K [0x0000000081c00000, 0x0000000100000000)
  region size 1024K, 8 young (8192K), 8 survivors (8192K)
 Metaspace       used 34974K, capacity 35824K, committed 35840K, reserved 1081344K
  class space    used 4139K, capacity 4466K, committed 4480K, reserved 1048576K
}
Event: 3.671 GC heap before
{Heap before GC invocations=9 (full 0):
 garbage-first heap   total 157696K, used 101999K [0x0000000081c00000, 0x0000000100000000)
  region size 1024K, 92 young (94208K), 8 survivors (8192K)
 Metaspace       used 41612K, capacity 42772K, committed 42828K, reserved 1087488K
  class space    used 4960K, capacity 5408K, committed 5452K, reserved 1048576K
}
Event: 3.684 GC heap after
{Heap after GC invocations=10 (full 0):
 garbage-first heap   total 157696K, used 20169K [0x0000000081c00000, 0x0000000100000000)
  region size 1024K, 10 young (10240K), 10 survivors (10240K)
 Metaspace       used 41612K, capacity 42772K, committed 42828K, reserved 1087488K
  class space    used 4960K, capacity 5408K, committed 5452K, reserved 1048576K
}
Event: 4.364 GC heap before
{Heap before GC invocations=10 (full 0):
 garbage-first heap   total 157696K, used 103113K [0x0000000081c00000, 0x0000000100000000)
  region size 1024K, 92 young (94208K), 10 survivors (10240K)
 Metaspace       used 45433K, capacity 46745K, committed 46924K, reserved 1089536K
  class space    used 5425K, capacity 5920K, committed 5964K, reserved 1048576K
}
Event: 4.376 GC heap after
{Heap after GC invocations=11 (full 0):
 garbage-first heap   total 157696K, used 22309K [0x0000000081c00000, 0x0000000100000000)
  region size 1024K, 9 young (9216K), 9 survivors (9216K)
 Metaspace       used 45433K, capacity 46745K, committed 46924K, reserved 1089536K
  class space    used 5425K, capacity 5920K, committed 5964K, reserved 1048576K
}
Event: 5.375 GC heap before
{Heap before GC invocations=11 (full 0):
 garbage-first heap   total 157696K, used 107301K [0x0000000081c00000, 0x0000000100000000)
  region size 1024K, 92 young (94208K), 9 survivors (9216K)
 Metaspace       used 57279K, capacity 58550K, committed 58700K, reserved 1099776K
  class space    used 7001K, capacity 7480K, committed 7500K, reserved 1048576K
}
Event: 5.384 GC heap after
{Heap after GC invocations=12 (full 0):
 garbage-first heap   total 191488K, used 28021K [0x0000000081c00000, 0x0000000100000000)
  region size 1024K, 12 young (12288K), 12 survivors (12288K)
 Metaspace       used 57279K, capacity 58550K, committed 58700K, reserved 1099776K
  class space    used 7001K, capacity 7480K, committed 7500K, reserved 1048576K
}
Event: 5.553 GC heap before
{Heap before GC invocations=12 (full 0):
 garbage-first heap   total 191488K, used 42357K [0x0000000081c00000, 0x0000000100000000)
  region size 1024K, 27 young (27648K), 12 survivors (12288K)
 Metaspace       used 58808K, capacity 60134K, committed 60236K, reserved 1101824K
  class space    used 7176K, capacity 7687K, committed 7756K, reserved 1048576K
}
Event: 5.561 GC heap after
{Heap after GC invocations=13 (full 0):
 garbage-first heap   total 191488K, used 25930K [0x0000000081c00000, 0x0000000100000000)
  region size 1024K, 4 young (4096K), 4 survivors (4096K)
 Metaspace       used 58808K, capacity 60134K, committed 60236K, reserved 1101824K
  class space    used 7176K, capacity 7687K, committed 7756K, reserved 1048576K
}
Event: 6.714 GC heap before
{Heap before GC invocations=14 (full 0):
 garbage-first heap   total 191488K, used 136522K [0x0000000081c00000, 0x0000000100000000)
  region size 1024K, 112 young (114688K), 4 survivors (4096K)
 Metaspace       used 70126K, capacity 71758K, committed 72012K, reserved 1112064K
  class space    used 8782K, capacity 9414K, committed 9548K, reserved 1048576K
}
Event: 6.721 GC heap after
{Heap after GC invocations=15 (full 0):
 garbage-first heap   total 191488K, used 28425K [0x0000000081c00000, 0x0000000100000000)
  region size 1024K, 7 young (7168K), 7 survivors (7168K)
 Metaspace       used 70126K, capacity 71758K, committed 72012K, reserved 1112064K
  class space    used 8782K, capacity 9414K, committed 9548K, reserved 1048576K
}
Event: 8.985 GC heap before
{Heap before GC invocations=16 (full 0):
 garbage-first heap   total 191488K, used 135945K [0x0000000081c00000, 0x0000000100000000)
  region size 1024K, 112 young (114688K), 7 survivors (7168K)
 Metaspace       used 77165K, capacity 79135K, committed 79436K, reserved 1118208K
  class space    used 9763K, capacity 10508K, committed 10572K, reserved 1048576K
}
Event: 8.994 GC heap after
{Heap after GC invocations=17 (full 0):
 garbage-first heap   total 191488K, used 34122K [0x0000000081c00000, 0x0000000100000000)
  region size 1024K, 12 young (12288K), 12 survivors (12288K)
 Metaspace       used 77165K, capacity 79135K, committed 79436K, reserved 1118208K
  class space    used 9763K, capacity 10508K, committed 10572K, reserved 1048576K
}

