# JRE version: OpenJDK Runtime Environment AdoptOpenJDK (11.0.8+10) (build 11.0.8+10)
# Java VM: OpenJDK 64-Bit Server VM AdoptOpenJDK (11.0.8+10, mixed mode, tiered, compressed oops, g1 gc, windows-amd64)
Heap:
 garbage-first heap   total 189440K, used 78526K [0x0000000081c00000, 0x0000000100000000)
  region size 1024K, 58 young (59392K), 14 survivors (14336K)
 Metaspace       used 80177K, capacity 82032K, committed 82304K, reserved 1120256K
  class space    used 10025K, capacity 10762K, committed 10880K, reserved 1048576K
GC Heap History (20 events):
Event: 0.955 GC heap before
{Heap before GC invocations=1 (full 0):
 garbage-first heap   total 131072K, used 57873K [0x0000000081c00000, 0x0000000100000000)
  region size 1024K, 53 young (54272K), 3 survivors (3072K)
 Metaspace       used 15255K, capacity 15588K, committed 15872K, reserved 1062912K
  class space    used 1561K, capacity 1677K, committed 1792K, reserved 1048576K
}
Event: 0.959 GC heap after
{Heap after GC invocations=2 (full 0):
 garbage-first heap   total 131072K, used 8659K [0x0000000081c00000, 0x0000000100000000)
  region size 1024K, 4 young (4096K), 4 survivors (4096K)
 Metaspace       used 15255K, capacity 15588K, committed 15872K, reserved 1062912K
  class space    used 1561K, capacity 1677K, committed 1792K, reserved 1048576K
}
Event: 1.380 GC heap before
{Heap before GC invocations=2 (full 0):
 garbage-first heap   total 131072K, used 36307K [0x0000000081c00000, 0x0000000100000000)
  region size 1024K, 32 young (32768K), 4 survivors (4096K)
 Metaspace       used 20721K, capacity 21226K, committed 21248K, reserved 1069056K
  class space    used 2334K, capacity 2558K, committed 2560K, reserved 1048576K
}
Event: 1.386 GC heap after
{Heap after GC invocations=3 (full 0):
 garbage-first heap   total 131072K, used 10401K [0x0000000081c00000, 0x0000000100000000)
  region size 1024K, 6 young (6144K), 6 survivors (6144K)
 Metaspace       used 20721K, capacity 21226K, committed 21248K, reserved 1069056K
  class space    used 2334K, capacity 2558K, committed 2560K, reserved 1048576K
}
Event: 1.730 GC heap before
{Heap before GC invocations=4 (full 0):
 garbage-first heap   total 131072K, used 65697K [0x0000000081c00000, 0x0000000100000000)
  region size 1024K, 61 young (62464K), 6 survivors (6144K)
 Metaspace       used 25872K, capacity 26460K, committed 26624K, reserved 1073152K
  class space    used 3012K, capacity 3235K, committed 3328K, reserved 1048576K
}
Event: 1.737 GC heap after
{Heap after GC invocations=5 (full 0):
 garbage-first heap   total 131072K, used 12310K [0x0000000081c00000, 0x0000000100000000)
  region size 1024K, 5 young (5120K), 5 survivors (5120K)
 Metaspace       used 25872K, capacity 26460K, committed 26624K, reserved 1073152K
  class space    used 3012K, capacity 3235K, committed 3328K, reserved 1048576K
}
Event: 2.240 GC heap before
{Heap before GC invocations=5 (full 0):
 garbage-first heap   total 131072K, used 72726K [0x0000000081c00000, 0x0000000100000000)
  region size 1024K, 65 young (66560K), 5 survivors (5120K)
 Metaspace       used 29542K, capacity 30309K, committed 30464K, reserved 1075200K
  class space    used 3464K, capacity 3769K, committed 3840K, reserved 1048576K
}
Event: 2.246 GC heap after
{Heap after GC invocations=6 (full 0):
 garbage-first heap   total 131072K, used 13653K [0x0000000081c00000, 0x0000000100000000)
  region size 1024K, 6 young (6144K), 6 survivors (6144K)
 Metaspace       used 29542K, capacity 30309K, committed 30464K, reserved 1075200K
  class space    used 3464K, capacity 3769K, committed 3840K, reserved 1048576K
}
Event: 3.779 GC heap before
{Heap before GC invocations=6 (full 0):
 garbage-first heap   total 131072K, used 55637K [0x0000000081c00000, 0x0000000100000000)
  region size 1024K, 48 young (49152K), 6 survivors (6144K)
 Metaspace       used 34783K, capacity 35741K, committed 35840K, reserved 1081344K
  class space    used 4167K, capacity 4542K, committed 4608K, reserved 1048576K
}
Event: 3.798 GC heap after
{Heap after GC invocations=7 (full 0):
 garbage-first heap   total 157696K, used 15834K [0x0000000081c00000, 0x0000000100000000)
  region size 1024K, 8 young (8192K), 8 survivors (8192K)
 Metaspace       used 34783K, capacity 35741K, committed 35840K, reserved 1081344K
  class space    used 4167K, capacity 4542K, committed 4608K, reserved 1048576K
}
Event: 5.599 GC heap before
{Heap before GC invocations=8 (full 0):
 garbage-first heap   total 157696K, used 89562K [0x0000000081c00000, 0x0000000100000000)
  region size 1024K, 81 young (82944K), 8 survivors (8192K)
 Metaspace       used 40006K, capacity 41123K, committed 41344K, reserved 1085440K
  class space    used 4770K, capacity 5225K, committed 5248K, reserved 1048576K
}
Event: 5.609 GC heap after
{Heap after GC invocations=9 (full 0):
 garbage-first heap   total 157696K, used 18112K [0x0000000081c00000, 0x0000000100000000)
  region size 1024K, 8 young (8192K), 8 survivors (8192K)
 Metaspace       used 40006K, capacity 41123K, committed 41344K, reserved 1085440K
  class space    used 4770K, capacity 5225K, committed 5248K, reserved 1048576K
}
Event: 6.632 GC heap before
{Heap before GC invocations=9 (full 0):
 garbage-first heap   total 157696K, used 103104K [0x0000000081c00000, 0x0000000100000000)
  region size 1024K, 92 young (94208K), 8 survivors (8192K)
 Metaspace       used 47381K, capacity 48590K, committed 48896K, reserved 1091584K
  class space    used 5839K, capacity 6327K, committed 6400K, reserved 1048576K
}
Event: 6.641 GC heap after
{Heap after GC invocations=10 (full 0):
 garbage-first heap   total 157696K, used 20758K [0x0000000081c00000, 0x0000000100000000)
  region size 1024K, 9 young (9216K), 9 survivors (9216K)
 Metaspace       used 47381K, capacity 48590K, committed 48896K, reserved 1091584K
  class space    used 5839K, capacity 6327K, committed 6400K, reserved 1048576K
}
Event: 8.678 GC heap before
{Heap before GC invocations=10 (full 0):
 garbage-first heap   total 157696K, used 85270K [0x0000000081c00000, 0x0000000100000000)
  region size 1024K, 73 young (74752K), 9 survivors (9216K)
 Metaspace       used 58688K, capacity 60010K, committed 60160K, reserved 1101824K
  class space    used 7335K, capacity 7821K, committed 7936K, reserved 1048576K
}
Event: 8.688 GC heap after
{Heap after GC invocations=11 (full 0):
 garbage-first heap   total 157696K, used 25534K [0x0000000081c00000, 0x0000000100000000)
  region size 1024K, 10 young (10240K), 10 survivors (10240K)
 Metaspace       used 58688K, capacity 60010K, committed 60160K, reserved 1101824K
  class space    used 7335K, capacity 7821K, committed 7936K, reserved 1048576K
}
Event: 46.507 GC heap before
{Heap before GC invocations=12 (full 0):
 garbage-first heap   total 157696K, used 109502K [0x0000000081c00000, 0x0000000100000000)
  region size 1024K, 92 young (94208K), 10 survivors (10240K)
 Metaspace       used 69155K, capacity 70685K, committed 70784K, reserved 1110016K
  class space    used 8698K, capacity 9275K, committed 9344K, reserved 1048576K
}
Event: 46.518 GC heap after
{Heap after GC invocations=13 (full 0):
 garbage-first heap   total 189440K, used 26423K [0x0000000081c00000, 0x0000000100000000)
  region size 1024K, 6 young (6144K), 6 survivors (6144K)
 Metaspace       used 69155K, capacity 70685K, committed 70784K, reserved 1110016K
  class space    used 8698K, capacity 9275K, committed 9344K, reserved 1048576K
}
Event: 55.520 GC heap before
{Heap before GC invocations=13 (full 0):
 garbage-first heap   total 189440K, used 133943K [0x0000000081c00000, 0x0000000100000000)
  region size 1024K, 111 young (113664K), 6 survivors (6144K)
 Metaspace       used 79669K, capacity 81576K, committed 81792K, reserved 1120256K
  class space    used 10020K, capacity 10760K, committed 10880K, reserved 1048576K
}
Event: 55.528 GC heap after
{Heap after GC invocations=14 (full 0):
 garbage-first heap   total 189440K, used 34494K [0x0000000081c00000, 0x0000000100000000)
  region size 1024K, 14 young (14336K), 14 survivors (14336K)
 Metaspace       used 79669K, capacity 81576K, committed 81792K, reserved 1120256K
  class space    used 10020K, capacity 10760K, committed 10880K, reserved 1048576K
}

