# JRE version: OpenJDK Runtime Environment AdoptOpenJDK (11.0.8+10) (build 11.0.8+10)
# Java VM: OpenJDK 64-Bit Server VM AdoptOpenJDK (11.0.8+10, mixed mode, tiered, compressed oops, g1 gc, windows-amd64)
Heap:
 garbage-first heap   total 221184K, used 91816K [0x0000000081c00000, 0x0000000100000000)
  region size 1024K, 77 young (78848K), 10 survivors (10240K)
 Metaspace       used 67765K, capacity 69357K, committed 69632K, reserved 1110016K
  class space    used 8531K, capacity 9131K, committed 9216K, reserved 1048576K
GC Heap History (18 events):
Event: 1.050 GC heap before
{Heap before GC invocations=0 (full 0):
 garbage-first heap   total 131072K, used 24576K [0x0000000081c00000, 0x0000000100000000)
  region size 1024K, 24 young (24576K), 0 survivors (0K)
 Metaspace       used 11649K, capacity 11792K, committed 12032K, reserved 1060864K
  class space    used 1127K, capacity 1186K, committed 1280K, reserved 1048576K
}
Event: 1.059 GC heap after
{Heap after GC invocations=1 (full 0):
 garbage-first heap   total 131072K, used 7951K [0x0000000081c00000, 0x0000000100000000)
  region size 1024K, 3 young (3072K), 3 survivors (3072K)
 Metaspace       used 11649K, capacity 11792K, committed 12032K, reserved 1060864K
  class space    used 1127K, capacity 1186K, committed 1280K, reserved 1048576K
}
Event: 2.091 GC heap before
{Heap before GC invocations=1 (full 0):
 garbage-first heap   total 131072K, used 81679K [0x0000000081c00000, 0x0000000100000000)
  region size 1024K, 76 young (77824K), 3 survivors (3072K)
 Metaspace       used 20220K, capacity 20648K, committed 20864K, reserved 1067008K
  class space    used 2249K, capacity 2427K, committed 2432K, reserved 1048576K
}
Event: 2.242 GC heap after
{Heap after GC invocations=2 (full 0):
 garbage-first heap   total 131072K, used 10277K [0x0000000081c00000, 0x0000000100000000)
  region size 1024K, 6 young (6144K), 6 survivors (6144K)
 Metaspace       used 20220K, capacity 20648K, committed 20864K, reserved 1067008K
  class space    used 2249K, capacity 2427K, committed 2432K, reserved 1048576K
}
Event: 2.272 GC heap before
{Heap before GC invocations=2 (full 0):
 garbage-first heap   total 131072K, used 13349K [0x0000000081c00000, 0x0000000100000000)
  region size 1024K, 10 young (10240K), 6 survivors (6144K)
 Metaspace       used 20654K, capacity 21125K, committed 21248K, reserved 1069056K
  class space    used 2311K, capacity 2500K, committed 2560K, reserved 1048576K
}
Event: 2.281 GC heap after
{Heap after GC invocations=3 (full 0):
 garbage-first heap   total 131072K, used 10525K [0x0000000081c00000, 0x0000000100000000)
  region size 1024K, 3 young (3072K), 3 survivors (3072K)
 Metaspace       used 20654K, capacity 21125K, committed 21248K, reserved 1069056K
  class space    used 2311K, capacity 2500K, committed 2560K, reserved 1048576K
}
Event: 2.928 GC heap before
{Heap before GC invocations=4 (full 0):
 garbage-first heap   total 131072K, used 84253K [0x0000000081c00000, 0x0000000100000000)
  region size 1024K, 76 young (77824K), 3 survivors (3072K)
 Metaspace       used 24967K, capacity 25516K, committed 25728K, reserved 1071104K
  class space    used 2918K, capacity 3171K, committed 3200K, reserved 1048576K
}
Event: 2.933 GC heap after
{Heap after GC invocations=5 (full 0):
 garbage-first heap   total 131072K, used 12130K [0x0000000081c00000, 0x0000000100000000)
  region size 1024K, 5 young (5120K), 5 survivors (5120K)
 Metaspace       used 24967K, capacity 25516K, committed 25728K, reserved 1071104K
  class space    used 2918K, capacity 3171K, committed 3200K, reserved 1048576K
}
Event: 4.122 GC heap before
{Heap before GC invocations=5 (full 0):
 garbage-first heap   total 131072K, used 84834K [0x0000000081c00000, 0x0000000100000000)
  region size 1024K, 76 young (77824K), 5 survivors (5120K)
 Metaspace       used 32380K, capacity 33282K, committed 33408K, reserved 1079296K
  class space    used 3836K, capacity 4195K, committed 4224K, reserved 1048576K
}
Event: 4.128 GC heap after
{Heap after GC invocations=6 (full 0):
 garbage-first heap   total 131072K, used 14701K [0x0000000081c00000, 0x0000000100000000)
  region size 1024K, 7 young (7168K), 7 survivors (7168K)
 Metaspace       used 32380K, capacity 33282K, committed 33408K, reserved 1079296K
  class space    used 3836K, capacity 4195K, committed 4224K, reserved 1048576K
}
Event: 4.510 GC heap before
{Heap before GC invocations=6 (full 0):
 garbage-first heap   total 131072K, used 30061K [0x0000000081c00000, 0x0000000100000000)
  region size 1024K, 23 young (23552K), 7 survivors (7168K)
 Metaspace       used 34783K, capacity 35759K, committed 35840K, reserved 1081344K
  class space    used 4168K, capacity 4542K, committed 4608K, reserved 1048576K
}
Event: 4.519 GC heap after
{Heap after GC invocations=7 (full 0):
 garbage-first heap   total 131072K, used 15966K [0x0000000081c00000, 0x0000000100000000)
  region size 1024K, 6 young (6144K), 6 survivors (6144K)
 Metaspace       used 34783K, capacity 35759K, committed 35840K, reserved 1081344K
  class space    used 4168K, capacity 4542K, committed 4608K, reserved 1048576K
}
Event: 5.326 GC heap before
{Heap before GC invocations=8 (full 0):
 garbage-first heap   total 131072K, used 86622K [0x0000000081c00000, 0x0000000100000000)
  region size 1024K, 76 young (77824K), 6 survivors (6144K)
 Metaspace       used 39999K, capacity 41141K, committed 41344K, reserved 1085440K
  class space    used 4774K, capacity 5225K, committed 5248K, reserved 1048576K
}
Event: 5.335 GC heap after
{Heap after GC invocations=9 (full 0):
 garbage-first heap   total 221184K, used 18391K [0x0000000081c00000, 0x0000000100000000)
  region size 1024K, 7 young (7168K), 7 survivors (7168K)
 Metaspace       used 39999K, capacity 41141K, committed 41344K, reserved 1085440K
  class space    used 4774K, capacity 5225K, committed 5248K, reserved 1048576K
}
Event: 6.822 GC heap before
{Heap before GC invocations=9 (full 0):
 garbage-first heap   total 221184K, used 127959K [0x0000000081c00000, 0x0000000100000000)
  region size 1024K, 115 young (117760K), 7 survivors (7168K)
 Metaspace       used 52640K, capacity 53929K, committed 54144K, reserved 1095680K
  class space    used 6485K, capacity 6989K, committed 7040K, reserved 1048576K
}
Event: 6.831 GC heap after
{Heap after GC invocations=10 (full 0):
 garbage-first heap   total 221184K, used 22787K [0x0000000081c00000, 0x0000000100000000)
  region size 1024K, 11 young (11264K), 11 survivors (11264K)
 Metaspace       used 52640K, capacity 53929K, committed 54144K, reserved 1095680K
  class space    used 6485K, capacity 6989K, committed 7040K, reserved 1048576K
}
Event: 7.386 GC heap before
{Heap before GC invocations=10 (full 0):
 garbage-first heap   total 221184K, used 68867K [0x0000000081c00000, 0x0000000100000000)
  region size 1024K, 57 young (58368K), 11 survivors (11264K)
 Metaspace       used 58785K, capacity 60060K, committed 60160K, reserved 1101824K
  class space    used 7352K, capacity 7853K, committed 7936K, reserved 1048576K
}
Event: 7.399 GC heap after
{Heap after GC invocations=11 (full 0):
 garbage-first heap   total 221184K, used 24232K [0x0000000081c00000, 0x0000000100000000)
  region size 1024K, 10 young (10240K), 10 survivors (10240K)
 Metaspace       used 58785K, capacity 60060K, committed 60160K, reserved 1101824K
  class space    used 7352K, capacity 7853K, committed 7936K, reserved 1048576K
}

